This is pdfTeX, Version 3.1415926-2.3-1.40.12 (MiKTeX 2.9) (preloaded format=pdflatex 2019.5.28)  25 JUN 2019 16:55
entering extended mode
**e:/论文/毕业相关论文/开题报告/ppt/开题报告PPT
(e:/论文/毕业相关论文/开题报告/ppt/开题报告PPT.tex
LaTeX2e <2018-12-01>
(C:\CTEX\MiKTeX\tex\latex\beamer\base\beamer.cls (C:\CTEX\MiKTeX\tex\latex\beamer\base\beamerbasercs.sty
Package: beamerbasercs 2012/02/22 (rcs-revision 46e1bc9c9b76)
)
Document Class: beamer 2011/09/12 development version 3.14 A class for typesetting presentations (rcs-revision 70f9d8411e54)
(C:\CTEX\MiKTeX\tex\latex\beamer\base\beamerbasemodes.sty
Package: beamerbasemodes 2010/05/01 (rcs-revision efa082c6111d)
\beamer@tempbox=\box27
\beamer@tempcount=\count80
\c@beamerpauses=\count81
 (C:\CTEX\MiKTeX\tex\latex\beamer\base\beamerbasedecode.sty
Package: beamerbasedecode 2010/05/01 (rcs-revision efa082c6111d)
\beamer@slideinframe=\count82
\beamer@minimum=\count83
)
\beamer@commentbox=\box28
\beamer@modecount=\count84
) ("C:\Users\qjx\AppData\Local\Programs\MiKTeX 2.9\tex\generic\oberdiek\ifpdf.sty"
Package: ifpdf 2018/09/07 v3.3 Provides the ifpdf switch
)
\headheight=\dimen102
\headdp=\dimen103
\footheight=\dimen104
\sidebarheight=\dimen105
\beamer@tempdim=\dimen106
\beamer@finalheight=\dimen107
\beamer@animht=\dimen108
\beamer@animdp=\dimen109
\beamer@animwd=\dimen110
\beamer@leftmargin=\dimen111
\beamer@rightmargin=\dimen112
\beamer@leftsidebar=\dimen113
\beamer@rightsidebar=\dimen114
\beamer@boxsize=\dimen115
\beamer@vboxoffset=\dimen116
\beamer@descdefault=\dimen117
\beamer@descriptionwidth=\dimen118
\beamer@lastskip=\skip41
\beamer@areabox=\box29
\beamer@animcurrent=\box30
\beamer@animshowbox=\box31
\beamer@sectionbox=\box32
\beamer@logobox=\box33
\beamer@linebox=\box34
\beamer@sectioncount=\count85
\beamer@subsubsectionmax=\count86
\beamer@subsectionmax=\count87
\beamer@sectionmax=\count88
\beamer@totalheads=\count89
\beamer@headcounter=\count90
\beamer@partstartpage=\count91
\beamer@sectionstartpage=\count92
\beamer@subsectionstartpage=\count93
\beamer@animationtempa=\count94
\beamer@animationtempb=\count95
\beamer@xpos=\count96
\beamer@ypos=\count97
\beamer@showpartnumber=\count98
\beamer@currentsubsection=\count99
\beamer@coveringdepth=\count100
\beamer@sectionadjust=\count101
\beamer@tocsectionnumber=\count102
 (C:\CTEX\MiKTeX\tex\latex\beamer\base\beamerbaseoptions.sty
Package: beamerbaseoptions 2010/04/27 (rcs-revision 982469101dd6)
 ("C:\Users\qjx\AppData\Local\Programs\MiKTeX 2.9\tex\latex\graphics\keyval.sty"
Package: keyval 2014/10/28 v1.15 key=value parser (DPC)
\KV@toks@=\toks14
))
\beamer@paperwidth=\skip42
\beamer@paperheight=\skip43
 ("C:\Users\qjx\AppData\Local\Programs\MiKTeX 2.9\tex\latex\geometry\geometry.sty"
Package: geometry 2018/04/16 v5.8 Page Geometry
 ("C:\Users\qjx\AppData\Local\Programs\MiKTeX 2.9\tex\generic\oberdiek\ifvtex.sty"
Package: ifvtex 2016/05/16 v1.6 Detect VTeX and its facilities (HO)
Package ifvtex Info: VTeX not detected.
) ("C:\Users\qjx\AppData\Local\Programs\MiKTeX 2.9\tex\generic\ifxetex\ifxetex.sty"
Package: ifxetex 2010/09/12 v0.6 Provides ifxetex conditional
)
\Gm@cnth=\count103
\Gm@cntv=\count104
\c@Gm@tempcnt=\count105
\Gm@bindingoffset=\dimen119
\Gm@wd@mp=\dimen120
\Gm@odd@mp=\dimen121
\Gm@even@mp=\dimen122
\Gm@layoutwidth=\dimen123
\Gm@layoutheight=\dimen124
\Gm@layouthoffset=\dimen125
\Gm@layoutvoffset=\dimen126
\Gm@dimlist=\toks15
 ("C:\Users\qjx\AppData\Local\Programs\MiKTeX 2.9\tex\latex\geometry\geometry.cfg")) ("C:\Users\qjx\AppData\Local\Programs\MiKTeX 2.9\tex\latex\base\size11.clo"
File: size11.clo 2018/09/03 v1.4i Standard LaTeX file (size option)
) (C:\CTEX\MiKTeX\tex\latex\pgf\basiclayer\pgfcore.sty ("C:\Users\qjx\AppData\Local\Programs\MiKTeX 2.9\tex\latex\graphics\graphicx.sty"
Package: graphicx 2017/06/01 v1.1a Enhanced LaTeX Graphics (DPC,SPQR)
 ("C:\Users\qjx\AppData\Local\Programs\MiKTeX 2.9\tex\latex\graphics\graphics.sty"
Package: graphics 2017/06/25 v1.2c Standard LaTeX Graphics (DPC,SPQR)
 ("C:\Users\qjx\AppData\Local\Programs\MiKTeX 2.9\tex\latex\graphics\trig.sty"
Package: trig 2016/01/03 v1.10 sin cos tan (DPC)
) ("C:\Users\qjx\AppData\Local\Programs\MiKTeX 2.9\tex\latex\graphics-cfg\graphics.cfg"
File: graphics.cfg 2016/06/04 v1.11 sample graphics configuration
)
Package graphics Info: Driver file: pdftex.def on input line 99.
 ("C:\Users\qjx\AppData\Local\Programs\MiKTeX 2.9\tex\latex\graphics-def\pdftex.def"
File: pdftex.def 2018/01/08 v1.0l Graphics/color driver for pdftex
))
\Gin@req@height=\dimen127
\Gin@req@width=\dimen128
) (C:\CTEX\MiKTeX\tex\latex\pgf\systemlayer\pgfsys.sty (C:\CTEX\MiKTeX\tex\latex\pgf\utilities\pgfrcs.sty (C:\CTEX\MiKTeX\tex\generic\pgf\utilities\pgfutil-common.tex
\pgfutil@everybye=\toks16
) (C:\CTEX\MiKTeX\tex\generic\pgf\utilities\pgfutil-latex.def
\pgfutil@abb=\box35
 (C:\CTEX\MiKTeX\tex\latex\ms\everyshi.sty
Package: everyshi 2001/05/15 v3.00 EveryShipout Package (MS)
)) (C:\CTEX\MiKTeX\tex\generic\pgf\utilities\pgfrcs.code.tex
Package: pgfrcs 2010/10/25 v2.10 (rcs-revision 1.24)
)) (C:\CTEX\MiKTeX\tex\generic\pgf\systemlayer\pgfsys.code.tex
Package: pgfsys 2010/06/30 v2.10 (rcs-revision 1.37)
 (C:\CTEX\MiKTeX\tex\generic\pgf\utilities\pgfkeys.code.tex
\pgfkeys@pathtoks=\toks17
\pgfkeys@temptoks=\toks18
 (C:\CTEX\MiKTeX\tex\generic\pgf\utilities\pgfkeysfiltered.code.tex
\pgfkeys@tmptoks=\toks19
))
\pgf@x=\dimen129
\pgf@y=\dimen130
\pgf@xa=\dimen131
\pgf@ya=\dimen132
\pgf@xb=\dimen133
\pgf@yb=\dimen134
\pgf@xc=\dimen135
\pgf@yc=\dimen136
\w@pgf@writea=\write3
\r@pgf@reada=\read1
\c@pgf@counta=\count106
\c@pgf@countb=\count107
\c@pgf@countc=\count108
\c@pgf@countd=\count109
 (C:\CTEX\MiKTeX\tex\generic\pgf\systemlayer\pgf.cfg
File: pgf.cfg 2008/05/14  (rcs-revision 1.7)
)
Package pgfsys Info: Driver file for pgf: pgfsys-pdftex.def on input line 900.
 (C:\CTEX\MiKTeX\tex\generic\pgf\systemlayer\pgfsys-pdftex.def
File: pgfsys-pdftex.def 2009/05/22  (rcs-revision 1.26)
 (C:\CTEX\MiKTeX\tex\generic\pgf\systemlayer\pgfsys-common-pdf.def
File: pgfsys-common-pdf.def 2008/05/19  (rcs-revision 1.10)
))) (C:\CTEX\MiKTeX\tex\generic\pgf\systemlayer\pgfsyssoftpath.code.tex
File: pgfsyssoftpath.code.tex 2008/07/18  (rcs-revision 1.7)
\pgfsyssoftpath@smallbuffer@items=\count110
\pgfsyssoftpath@bigbuffer@items=\count111
) (C:\CTEX\MiKTeX\tex\generic\pgf\systemlayer\pgfsysprotocol.code.tex
File: pgfsysprotocol.code.tex 2006/10/16  (rcs-revision 1.4)
)) (C:\CTEX\MiKTeX\tex\latex\xcolor\xcolor.sty
Package: xcolor 2007/01/21 v2.11 LaTeX color extensions (UK)
 ("C:\Users\qjx\AppData\Local\Programs\MiKTeX 2.9\tex\latex\graphics-cfg\color.cfg"
File: color.cfg 2016/01/02 v1.6 sample color configuration
)
Package xcolor Info: Driver file: pdftex.def on input line 225.
Package xcolor Info: Model `cmy' substituted by `cmy0' on input line 1337.
Package xcolor Info: Model `hsb' substituted by `rgb' on input line 1341.
Package xcolor Info: Model `RGB' extended on input line 1353.
Package xcolor Info: Model `HTML' substituted by `rgb' on input line 1355.
Package xcolor Info: Model `Hsb' substituted by `hsb' on input line 1356.
Package xcolor Info: Model `tHsb' substituted by `hsb' on input line 1357.
Package xcolor Info: Model `HSB' substituted by `hsb' on input line 1358.
Package xcolor Info: Model `Gray' substituted by `gray' on input line 1359.
Package xcolor Info: Model `wave' substituted by `hsb' on input line 1360.
) (C:\CTEX\MiKTeX\tex\generic\pgf\basiclayer\pgfcore.code.tex
Package: pgfcore 2010/04/11 v2.10 (rcs-revision 1.7)
 (C:\CTEX\MiKTeX\tex\generic\pgf\math\pgfmath.code.tex (C:\CTEX\MiKTeX\tex\generic\pgf\math\pgfmathcalc.code.tex (C:\CTEX\MiKTeX\tex\generic\pgf\math\pgfmathutil.code.tex) (C:\CTEX\MiKTeX\tex\generic\pgf\math\pgfmathparser.code.tex
\pgfmath@dimen=\dimen137
\pgfmath@count=\count112
\pgfmath@box=\box36
\pgfmath@toks=\toks20
\pgfmath@stack@operand=\toks21
\pgfmath@stack@operation=\toks22
) (C:\CTEX\MiKTeX\tex\generic\pgf\math\pgfmathfunctions.code.tex (C:\CTEX\MiKTeX\tex\generic\pgf\math\pgfmathfunctions.basic.code.tex) (C:\CTEX\MiKTeX\tex\generic\pgf\math\pgfmathfunctions.trigonometric.code.tex) (C:\CTEX\MiKTeX\tex\generic\pgf\math\pgfmathfunctions.random.code.tex) (C:\CTEX\MiKTeX\tex\generic\pgf\math\pgfmathfunctions.comparison.code.tex) (C:\CTEX\MiKTeX\tex\generic\pgf\math\pgfmathfunctions.base.code.tex) (C:\CTEX\MiKTeX\tex\generic\pgf\math\pgfmathfunctions.round.code.tex) (C:\CTEX\MiKTeX\tex\generic\pgf\math\pgfmathfunctions.misc.code.tex))) (C:\CTEX\MiKTeX\tex\generic\pgf\math\pgfmathfloat.code.tex
\c@pgfmathroundto@lastzeros=\count113
)) (C:\CTEX\MiKTeX\tex\generic\pgf\basiclayer\pgfcorepoints.code.tex
File: pgfcorepoints.code.tex 2010/04/09  (rcs-revision 1.20)
\pgf@picminx=\dimen138
\pgf@picmaxx=\dimen139
\pgf@picminy=\dimen140
\pgf@picmaxy=\dimen141
\pgf@pathminx=\dimen142
\pgf@pathmaxx=\dimen143
\pgf@pathminy=\dimen144
\pgf@pathmaxy=\dimen145
\pgf@xx=\dimen146
\pgf@xy=\dimen147
\pgf@yx=\dimen148
\pgf@yy=\dimen149
\pgf@zx=\dimen150
\pgf@zy=\dimen151
) (C:\CTEX\MiKTeX\tex\generic\pgf\basiclayer\pgfcorepathconstruct.code.tex
File: pgfcorepathconstruct.code.tex 2010/08/03  (rcs-revision 1.24)
\pgf@path@lastx=\dimen152
\pgf@path@lasty=\dimen153
) (C:\CTEX\MiKTeX\tex\generic\pgf\basiclayer\pgfcorepathusage.code.tex
File: pgfcorepathusage.code.tex 2008/04/22  (rcs-revision 1.12)
\pgf@shorten@end@additional=\dimen154
\pgf@shorten@start@additional=\dimen155
) (C:\CTEX\MiKTeX\tex\generic\pgf\basiclayer\pgfcorescopes.code.tex
File: pgfcorescopes.code.tex 2010/09/08  (rcs-revision 1.34)
\pgfpic=\box37
\pgf@hbox=\box38
\pgf@layerbox@main=\box39
\pgf@picture@serial@count=\count114
) (C:\CTEX\MiKTeX\tex\generic\pgf\basiclayer\pgfcoregraphicstate.code.tex
File: pgfcoregraphicstate.code.tex 2008/04/22  (rcs-revision 1.9)
\pgflinewidth=\dimen156
) (C:\CTEX\MiKTeX\tex\generic\pgf\basiclayer\pgfcoretransformations.code.tex
File: pgfcoretransformations.code.tex 2009/06/10  (rcs-revision 1.11)
\pgf@pt@x=\dimen157
\pgf@pt@y=\dimen158
\pgf@pt@temp=\dimen159
) (C:\CTEX\MiKTeX\tex\generic\pgf\basiclayer\pgfcorequick.code.tex
File: pgfcorequick.code.tex 2008/10/09  (rcs-revision 1.3)
) (C:\CTEX\MiKTeX\tex\generic\pgf\basiclayer\pgfcoreobjects.code.tex
File: pgfcoreobjects.code.tex 2006/10/11  (rcs-revision 1.2)
) (C:\CTEX\MiKTeX\tex\generic\pgf\basiclayer\pgfcorepathprocessing.code.tex
File: pgfcorepathprocessing.code.tex 2008/10/09  (rcs-revision 1.8)
) (C:\CTEX\MiKTeX\tex\generic\pgf\basiclayer\pgfcorearrows.code.tex
File: pgfcorearrows.code.tex 2008/04/23  (rcs-revision 1.11)
) (C:\CTEX\MiKTeX\tex\generic\pgf\basiclayer\pgfcoreshade.code.tex
File: pgfcoreshade.code.tex 2008/11/23  (rcs-revision 1.13)
\pgf@max=\dimen160
\pgf@sys@shading@range@num=\count115
) (C:\CTEX\MiKTeX\tex\generic\pgf\basiclayer\pgfcoreimage.code.tex
File: pgfcoreimage.code.tex 2010/03/25  (rcs-revision 1.16)
 (C:\CTEX\MiKTeX\tex\generic\pgf\basiclayer\pgfcoreexternal.code.tex
File: pgfcoreexternal.code.tex 2010/09/01  (rcs-revision 1.17)
\pgfexternal@startupbox=\box40
)) (C:\CTEX\MiKTeX\tex\generic\pgf\basiclayer\pgfcorelayers.code.tex
File: pgfcorelayers.code.tex 2010/08/27  (rcs-revision 1.2)
) (C:\CTEX\MiKTeX\tex\generic\pgf\basiclayer\pgfcoretransparency.code.tex
File: pgfcoretransparency.code.tex 2008/01/17  (rcs-revision 1.2)
) (C:\CTEX\MiKTeX\tex\generic\pgf\basiclayer\pgfcorepatterns.code.tex
File: pgfcorepatterns.code.tex 2009/07/02  (rcs-revision 1.3)
))) (C:\CTEX\MiKTeX\tex\latex\pgf\utilities\xxcolor.sty
Package: xxcolor 2003/10/24 ver 0.1
\XC@nummixins=\count116
\XC@countmixins=\count117
) ("C:\Users\qjx\AppData\Local\Programs\MiKTeX 2.9\tex\latex\hyperref\hyperref.sty"
Package: hyperref 2018/11/30 v6.88e Hypertext links for LaTeX
 ("C:\Users\qjx\AppData\Local\Programs\MiKTeX 2.9\tex\generic\oberdiek\hobsub-hyperref.sty"
Package: hobsub-hyperref 2016/05/16 v1.14 Bundle oberdiek, subset hyperref (HO)
 ("C:\Users\qjx\AppData\Local\Programs\MiKTeX 2.9\tex\generic\oberdiek\hobsub-generic.sty"
Package: hobsub-generic 2016/05/16 v1.14 Bundle oberdiek, subset generic (HO)
Package: hobsub 2016/05/16 v1.14 Construct package bundles (HO)
Package: infwarerr 2016/05/16 v1.4 Providing info/warning/error messages (HO)
Package: ltxcmds 2016/05/16 v1.23 LaTeX kernel commands for general use (HO)
Package: ifluatex 2016/05/16 v1.4 Provides the ifluatex switch (HO)
Package ifluatex Info: LuaTeX not detected.
Package hobsub Info: Skipping package `ifvtex' (already loaded).
Package: intcalc 2016/05/16 v1.2 Expandable calculations with integers (HO)
Package hobsub Info: Skipping package `ifpdf' (already loaded).
Package: etexcmds 2016/05/16 v1.6 Avoid name clashes with e-TeX commands (HO)
Package etexcmds Info: Could not find \expanded.
(etexcmds)             That can mean that you are not using pdfTeX 1.50 or
(etexcmds)             that some package has redefined \expanded.
(etexcmds)             In the latter case, load this package earlier.
Package: kvsetkeys 2016/05/16 v1.17 Key value parser (HO)
Package: kvdefinekeys 2016/05/16 v1.4 Define keys (HO)
Package: pdftexcmds 2018/09/10 v0.29 Utility functions of pdfTeX for LuaTeX (HO)
Package pdftexcmds Info: LuaTeX not detected.
Package pdftexcmds Info: \pdf@primitive is available.
Package pdftexcmds Info: \pdf@ifprimitive is available.
Package pdftexcmds Info: \pdfdraftmode found.
Package: pdfescape 2016/05/16 v1.14 Implements pdfTeX's escape features (HO)
Package: bigintcalc 2016/05/16 v1.4 Expandable calculations on big integers (HO)
Package: bitset 2016/05/16 v1.2 Handle bit-vector datatype (HO)
Package: uniquecounter 2016/05/16 v1.3 Provide unlimited unique counter (HO)
)
Package hobsub Info: Skipping package `hobsub' (already loaded).
Package: letltxmacro 2016/05/16 v1.5 Let assignment for LaTeX macros (HO)
Package: hopatch 2016/05/16 v1.3 Wrapper for package hooks (HO)
Package: xcolor-patch 2016/05/16 xcolor patch
Package: atveryend 2016/05/16 v1.9 Hooks at the very end of document (HO)
Package atveryend Info: \enddocument detected (standard20110627).
Package: atbegshi 2016/06/09 v1.18 At begin shipout hook (HO)
Package: refcount 2016/05/16 v3.5 Data extraction from label references (HO)
Package: hycolor 2016/05/16 v1.8 Color options for hyperref/bookmark (HO)
) ("C:\Users\qjx\AppData\Local\Programs\MiKTeX 2.9\tex\latex\oberdiek\auxhook.sty"
Package: auxhook 2016/05/16 v1.4 Hooks for auxiliary files (HO)
) ("C:\Users\qjx\AppData\Local\Programs\MiKTeX 2.9\tex\latex\oberdiek\kvoptions.sty"
Package: kvoptions 2016/05/16 v3.12 Key value format for package options (HO)
)
\@linkdim=\dimen161
\Hy@linkcounter=\count118
\Hy@pagecounter=\count119
 ("C:\Users\qjx\AppData\Local\Programs\MiKTeX 2.9\tex\latex\hyperref\pd1enc.def"
File: pd1enc.def 2018/11/30 v6.88e Hyperref: PDFDocEncoding definition (HO)
Now handling font encoding PD1 ...
... no UTF-8 mapping file for font encoding PD1
)
\Hy@SavedSpaceFactor=\count120
 ("C:\Users\qjx\AppData\Local\Programs\MiKTeX 2.9\tex\latex\00miktex\hyperref.cfg"
File: hyperref.cfg 2002/06/06 v1.2 hyperref configuration of TeXLive
)
Package hyperref Info: Option `bookmarks' set `true' on input line 4393.
Package hyperref Info: Option `bookmarksopen' set `true' on input line 4393.
Package hyperref Info: Option `implicit' set `false' on input line 4393.
Package hyperref Info: Hyper figures OFF on input line 4519.
Package hyperref Info: Link nesting OFF on input line 4524.
Package hyperref Info: Hyper index ON on input line 4527.
Package hyperref Info: Plain pages OFF on input line 4534.
Package hyperref Info: Backreferencing OFF on input line 4539.
Package hyperref Info: Implicit mode OFF; no redefinition of LaTeX internals.
Package hyperref Info: Bookmarks ON on input line 4772.
\c@Hy@tempcnt=\count121
 (C:\CTEX\MiKTeX\tex\latex\ltxmisc\url.sty
\Urlmuskip=\muskip10
Package: url 2006/04/12  ver 3.3  Verb mode for urls, etc.
)
LaTeX Info: Redefining \url on input line 5125.
\XeTeXLinkMargin=\dimen162
\Fld@menulength=\count122
\Field@Width=\dimen163
\Fld@charsize=\dimen164
Package hyperref Info: Hyper figures OFF on input line 6380.
Package hyperref Info: Link nesting OFF on input line 6385.
Package hyperref Info: Hyper index ON on input line 6388.
Package hyperref Info: backreferencing OFF on input line 6395.
Package hyperref Info: Link coloring OFF on input line 6400.
Package hyperref Info: Link coloring with OCG OFF on input line 6405.
Package hyperref Info: PDF/A mode OFF on input line 6410.
LaTeX Info: Redefining \ref on input line 6450.
LaTeX Info: Redefining \pageref on input line 6454.
\Hy@abspage=\count123


Package hyperref Message: Stopped early.

)
Package hyperref Info: Driver (autodetected): hpdftex.
 ("C:\Users\qjx\AppData\Local\Programs\MiKTeX 2.9\tex\latex\hyperref\hpdftex.def"
File: hpdftex.def 2018/11/30 v6.88e Hyperref driver for pdfTeX
\Fld@listcount=\count124
\c@bookmark@seq@number=\count125
 ("C:\Users\qjx\AppData\Local\Programs\MiKTeX 2.9\tex\latex\oberdiek\rerunfilecheck.sty"
Package: rerunfilecheck 2016/05/16 v1.8 Rerun checks for auxiliary files (HO)
Package uniquecounter Info: New unique counter `rerunfilecheck' on input line 282.
)) (C:\CTEX\MiKTeX\tex\latex\beamer\base\beamerbaserequires.sty
Package: beamerbaserequires 2010/05/01  (rcs-revision efa082c6111d)
 (C:\CTEX\MiKTeX\tex\latex\beamer\base\beamerbasecompatibility.sty
Package: beamerbasecompatibility 2011/09/24  (rcs-revision 17e820568435)
) (C:\CTEX\MiKTeX\tex\latex\beamer\base\beamerbasefont.sty
Package: beamerbasefont 2010/10/26  (rcs-revision f39336aafb3c)
 ("C:\Users\qjx\AppData\Local\Programs\MiKTeX 2.9\tex\latex\amsfonts\amssymb.sty"
Package: amssymb 2013/01/14 v3.01 AMS font symbols
 ("C:\Users\qjx\AppData\Local\Programs\MiKTeX 2.9\tex\latex\amsfonts\amsfonts.sty"
Package: amsfonts 2013/01/14 v3.01 Basic AMSFonts support
\@emptytoks=\toks23
\symAMSa=\mathgroup4
\symAMSb=\mathgroup5
LaTeX Font Info:    Overwriting math alphabet `\mathfrak' in version `bold'
(Font)                  U/euf/m/n --> U/euf/b/n on input line 106.
))) (C:\CTEX\MiKTeX\tex\latex\beamer\base\beamerbasetranslator.sty
Package: beamerbasetranslator 2010/06/11  (rcs-revision 85fd1cc7fc42)
 (C:\CTEX\MiKTeX\tex\latex\beamer\base\translator\translator.sty
Package: translator 2010/06/12 ver 1.10
 (C:\CTEX\MiKTeX\tex\latex\beamer\base\translator\translator-language-mappings.tex))) (C:\CTEX\MiKTeX\tex\latex\beamer\base\beamerbasemisc.sty
Package: beamerbasemisc 2012/02/24  (rcs-revision 2ff5461be705)
) (C:\CTEX\MiKTeX\tex\latex\beamer\base\beamerbasetwoscreens.sty
Package: beamerbasetwoscreens 2010/05/01  (rcs-revision efa082c6111d)
) (C:\CTEX\MiKTeX\tex\latex\beamer\base\beamerbaseoverlay.sty
Package: beamerbaseoverlay 2012/02/22  (rcs-revision 1e3e174835fb)
\beamer@argscount=\count126
\beamer@lastskipcover=\skip44
\beamer@trivlistdepth=\count127
) (C:\CTEX\MiKTeX\tex\latex\beamer\base\beamerbasetitle.sty
Package: beamerbasetitle 2010/09/21  (rcs-revision f0446ed0b6ae)
) (C:\CTEX\MiKTeX\tex\latex\beamer\base\beamerbasesection.sty
Package: beamerbasesection 2012/02/22  (rcs-revision 9a2581f9efb6)
\c@lecture=\count128
\c@part=\count129
\c@section=\count130
\c@subsection=\count131
\c@subsubsection=\count132
) (C:\CTEX\MiKTeX\tex\latex\beamer\base\beamerbaseframe.sty
Package: beamerbaseframe 2011/09/12  (rcs-revision 70f9d8411e54)
\beamer@framebox=\box41
\beamer@frametitlebox=\box42
\beamer@zoombox=\box43
\beamer@zoomcount=\count133
\beamer@zoomframecount=\count134
\beamer@frametextheight=\dimen165
\c@subsectionslide=\count135
\beamer@frametopskip=\skip45
\beamer@framebottomskip=\skip46
\beamer@frametopskipautobreak=\skip47
\beamer@framebottomskipautobreak=\skip48
\beamer@envbody=\toks24
\c@framenumber=\count136
) (C:\CTEX\MiKTeX\tex\latex\beamer\base\beamerbaseverbatim.sty
Package: beamerbaseverbatim 2011/09/12  (rcs-revision 70f9d8411e54)
\beamer@verbatimfileout=\write4
) (C:\CTEX\MiKTeX\tex\latex\beamer\base\beamerbaseframesize.sty
Package: beamerbaseframesize 2011/09/12  (rcs-revision 70f9d8411e54)
\beamer@splitbox=\box44
\beamer@autobreakcount=\count137
\beamer@autobreaklastheight=\dimen166
\beamer@frametitletoks=\toks25
\beamer@framesubtitletoks=\toks26
) (C:\CTEX\MiKTeX\tex\latex\beamer\base\beamerbaseframecomponents.sty
Package: beamerbaseframecomponents 2011/09/12  (rcs-revision 70f9d8411e54)
\beamer@footins=\box45
) (C:\CTEX\MiKTeX\tex\latex\beamer\base\beamerbasecolor.sty
Package: beamerbasecolor 2010/06/06  (rcs-revision d1a9b48be06d)
) (C:\CTEX\MiKTeX\tex\latex\beamer\base\beamerbasenotes.sty
Package: beamerbasenotes 2010/05/01  (rcs-revision efa082c6111d)
\beamer@frameboxcopy=\box46
) (C:\CTEX\MiKTeX\tex\latex\beamer\base\beamerbasetoc.sty
Package: beamerbasetoc 2012/02/28  (rcs-revision 138681b92320)
) (C:\CTEX\MiKTeX\tex\latex\beamer\base\beamerbasetemplates.sty
Package: beamerbasetemplates 2010/05/01  (rcs-revision efa082c6111d)
\beamer@sbttoks=\toks27
 (C:\CTEX\MiKTeX\tex\latex\beamer\base\beamerbaseauxtemplates.sty
Package: beamerbaseauxtemplates 2010/05/01  (rcs-revision efa082c6111d)
 (C:\CTEX\MiKTeX\tex\latex\beamer\base\beamerbaseboxes.sty
Package: beamerbaseboxes 2010/05/01  (rcs-revision efa082c6111d)
\bmb@box=\box47
\bmb@colorbox=\box48
\bmb@boxshadow=\box49
\bmb@boxshadowball=\box50
\bmb@boxshadowballlarge=\box51
\bmb@temp=\dimen167
\bmb@dima=\dimen168
\bmb@dimb=\dimen169
\bmb@prevheight=\dimen170
)
\beamer@blockheadheight=\dimen171
)) (C:\CTEX\MiKTeX\tex\latex\beamer\base\beamerbaselocalstructure.sty
Package: beamerbaselocalstructure 2012/02/22  (rcs-revision 2ae76965ffee)
 ("C:\Users\qjx\AppData\Local\Programs\MiKTeX 2.9\tex\latex\tools\enumerate.sty"
Package: enumerate 2015/07/23 v3.00 enumerate extensions (DPC)
\@enLab=\toks28
)
\c@figure=\count138
\c@table=\count139
\abovecaptionskip=\skip49
\belowcaptionskip=\skip50
) (C:\CTEX\MiKTeX\tex\latex\beamer\base\beamerbasenavigation.sty
Package: beamerbasenavigation 2010/05/01  (rcs-revision efa082c6111d)
) (C:\CTEX\MiKTeX\tex\latex\beamer\base\beamerbasetheorems.sty
Package: beamerbasetheorems 2010/06/06  (rcs-revision 7e7cc5e53e9d)
 ("C:\Users\qjx\AppData\Local\Programs\MiKTeX 2.9\tex\latex\amsmath\amsmath.sty"
Package: amsmath 2018/12/01 v2.17b AMS math features
\@mathmargin=\skip51

For additional information on amsmath, use the `?' option.
("C:\Users\qjx\AppData\Local\Programs\MiKTeX 2.9\tex\latex\amsmath\amstext.sty"
Package: amstext 2000/06/29 v2.01 AMS text
 ("C:\Users\qjx\AppData\Local\Programs\MiKTeX 2.9\tex\latex\amsmath\amsgen.sty"
File: amsgen.sty 1999/11/30 v2.0 generic functions
\@emptytoks=\toks29
\ex@=\dimen172
)) ("C:\Users\qjx\AppData\Local\Programs\MiKTeX 2.9\tex\latex\amsmath\amsbsy.sty"
Package: amsbsy 1999/11/29 v1.2d Bold Symbols
\pmbraise@=\dimen173
) ("C:\Users\qjx\AppData\Local\Programs\MiKTeX 2.9\tex\latex\amsmath\amsopn.sty"
Package: amsopn 2016/03/08 v2.02 operator names
)
\inf@bad=\count140
LaTeX Info: Redefining \frac on input line 223.
\uproot@=\count141
\leftroot@=\count142
LaTeX Info: Redefining \overline on input line 385.
\classnum@=\count143
\DOTSCASE@=\count144
LaTeX Info: Redefining \ldots on input line 482.
LaTeX Info: Redefining \dots on input line 485.
LaTeX Info: Redefining \cdots on input line 606.
\Mathstrutbox@=\box52
\strutbox@=\box53
\big@size=\dimen174
LaTeX Font Info:    Redeclaring font encoding OML on input line 729.
LaTeX Font Info:    Redeclaring font encoding OMS on input line 730.
\macc@depth=\count145
\c@MaxMatrixCols=\count146
\dotsspace@=\muskip11
\c@parentequation=\count147
\dspbrk@lvl=\count148
\tag@help=\toks30
\row@=\count149
\column@=\count150
\maxfields@=\count151
\andhelp@=\toks31
\eqnshift@=\dimen175
\alignsep@=\dimen176
\tagshift@=\dimen177
\tagwidth@=\dimen178
\totwidth@=\dimen179
\lineht@=\dimen180
\@envbody=\toks32
\multlinegap=\skip52
\multlinetaggap=\skip53
\mathdisplay@stack=\toks33
LaTeX Info: Redefining \[ on input line 2844.
LaTeX Info: Redefining \] on input line 2845.
) ("C:\Users\qjx\AppData\Local\Programs\MiKTeX 2.9\tex\latex\amscls\amsthm.sty"
Package: amsthm 2017/10/31 v2.20.4
\thm@style=\toks34
\thm@bodyfont=\toks35
\thm@headfont=\toks36
\thm@notefont=\toks37
\thm@headpunct=\toks38
\thm@preskip=\skip54
\thm@postskip=\skip55
\thm@headsep=\skip56
\dth@everypar=\toks39
)
\c@theorem=\count152
) (C:\CTEX\MiKTeX\tex\latex\beamer\base\beamerbasethemes.sty
Package: beamerbasethemes 2010/05/01  (rcs-revision efa082c6111d)
)) (C:\CTEX\MiKTeX\tex\latex\beamer\base\themes\theme\beamerthemedefault.sty
Package: beamerthemedefault 2010/06/17  (rcs-revision d02a7cf4d8ae)
 (C:\CTEX\MiKTeX\tex\latex\beamer\base\themes\font\beamerfontthemedefault.sty
Package: beamerfontthemedefault 2010/06/17  (rcs-revision d02a7cf4d8ae)
) (C:\CTEX\MiKTeX\tex\latex\beamer\base\themes\color\beamercolorthemedefault.sty
Package: beamercolorthemedefault 2010/06/17  (rcs-revision d02a7cf4d8ae)
) (C:\CTEX\MiKTeX\tex\latex\beamer\base\themes\inner\beamerinnerthemedefault.sty
Package: beamerinnerthemedefault 2010/06/17  (rcs-revision d02a7cf4d8ae)
\beamer@dima=\dimen181
\beamer@dimb=\dimen182
) (C:\CTEX\MiKTeX\tex\latex\beamer\base\themes\outer\beamerouterthemedefault.sty
Package: beamerouterthemedefault 2010/06/17  (rcs-revision d02a7cf4d8ae)
))) (C:\CTEX\MiKTeX\tex\latex\ctex\ctex.sty
Package: ctex 2011/03/11 v1.02c ctex macros package
 (C:\CTEX\MiKTeX\tex\latex\ctex\opt\ctex-common-opts.def) (C:\CTEX\CTeX\tex\latex\ctex\cfg\ctexopts.cfg) (C:\CTEX\MiKTeX\tex\latex\ctex\def\ctex-common.def (C:\CTEX\MiKTeX\tex\latex\l3kernel\expl3.sty (C:\CTEX\MiKTeX\tex\latex\l3kernel\l3names.sty (C:\CTEX\MiKTeX\tex\latex\l3kernel\l3bootstrap.sty
Package: l3bootstrap 2011/12/29 v3110 L3 Experimental bootstrap code
)
Package: l3names 2011/12/30 v3113 L3 Experimental namespace for primitives
) ("C:\Users\qjx\AppData\Local\Programs\MiKTeX 2.9\tex\latex\etex-pkg\etex.sty"
Package: etex 2016/08/01 v2.7 eTeX basic definition package (PEB,DPC)
\et@xins=\count153
)
Package: expl3 2012/02/26 v3471 L3 Experimental code bundle wrapper
 (C:\CTEX\MiKTeX\tex\latex\l3kernel\l3basics.sty
Package: l3basics 2012/02/26 v3460 L3 Experimental basic definitions
) (C:\CTEX\MiKTeX\tex\latex\l3kernel\l3expan.sty
Package: l3expan 2012/02/26 v3460 L3 Experimental argument expansion
) (C:\CTEX\MiKTeX\tex\latex\l3kernel\l3tl.sty
Package: l3tl 2012/02/26 v3460 L3 Experimental token lists
) (C:\CTEX\MiKTeX\tex\latex\l3kernel\l3seq.sty
Package: l3seq 2012/01/09 v3158 L3 Experimental sequences and stacks
) (C:\CTEX\MiKTeX\tex\latex\l3kernel\l3int.sty
Package: l3int 2012/02/26 v3460 L3 Experimental integers
\c_max_int=\count154
\l_tmpa_int=\count155
\l_tmpb_int=\count156
\l_tmpc_int=\count157
\g_tmpa_int=\count158
\g_tmpb_int=\count159
) (C:\CTEX\MiKTeX\tex\latex\l3kernel\l3quark.sty
Package: l3quark 2012/02/12 v3384 L3 Experimental quarks
) (C:\CTEX\MiKTeX\tex\latex\l3kernel\l3prg.sty
Package: l3prg 2012/02/26 v3464 L3 Experimental control structures
\g_prg_map_int=\count160
) (C:\CTEX\MiKTeX\tex\latex\l3kernel\l3clist.sty
Package: l3clist 2012/02/26 v3460 L3 Experimental comma separated lists
) (C:\CTEX\MiKTeX\tex\latex\l3kernel\l3token.sty
Package: l3token 2012/02/26 v3460 L3 Experimental token manipulation
) (C:\CTEX\MiKTeX\tex\latex\l3kernel\l3prop.sty
Package: l3prop 2012/02/26 v3460 L3 Experimental property lists
) (C:\CTEX\MiKTeX\tex\latex\l3kernel\l3msg.sty
Package: l3msg 2012/02/26 v3470 L3 Experimental messages
) (C:\CTEX\MiKTeX\tex\latex\l3kernel\l3file.sty
Package: l3file 2012/02/26 v3464 L3 Experimental file and I/O operations
\l_iow_stream_int=\count161
\l_iow_line_length_int=\count162
\l_iow_target_length_int=\count163
\l_iow_current_line_int=\count164
\l_iow_current_word_int=\count165
\l_iow_current_indentation_int=\count166
) (C:\CTEX\MiKTeX\tex\latex\l3kernel\l3skip.sty
Package: l3skip 2012/02/26 v3460 L3 Experimental dimensions and skips
Normal \dimen register pool exhausted, switching to extended pool.
\l_tmpa_dim=\dimen256
\l_tmpb_dim=\dimen257
\l_tmpc_dim=\dimen258
\g_tmpa_dim=\dimen259
\g_tmpb_dim=\dimen260
\l_tmpa_skip=\skip57
\l_tmpb_skip=\skip58
\l_tmpc_skip=\skip59
\g_tmpa_skip=\skip60
\g_tmpb_skip=\skip61
) (C:\CTEX\MiKTeX\tex\latex\l3kernel\l3keys.sty
Package: l3keys 2011/12/22 v3086 L3 Experimental key-value interfaces
\g_keyval_level_int=\count167
Normal \count register pool exhausted, switching to extended pool.
\l_keys_choice_int=\count277
) (C:\CTEX\MiKTeX\tex\latex\l3kernel\l3fp.sty
Package: l3fp 2012/02/06 v3315 L3 Experimental floating-point operations
\c_one_million=\count278
\c_one_hundred_million=\count279
\c_five_hundred_million=\count280
\c_one_thousand_million=\count281
\c_fp_pi_by_four_decimal_int=\count282
\c_fp_pi_by_four_extended_int=\count283
\c_fp_pi_decimal_int=\count284
\c_fp_pi_extended_int=\count285
\c_fp_two_pi_decimal_int=\count286
\c_fp_two_pi_extended_int=\count287
\l_fp_count_int=\count288
\l_fp_div_offset_int=\count289
\l_fp_exp_integer_int=\count290
\l_fp_exp_decimal_int=\count291
\l_fp_exp_extended_int=\count292
\l_fp_exp_exponent_int=\count293
\l_fp_input_a_sign_int=\count294
\l_fp_input_a_integer_int=\count295
\l_fp_input_a_decimal_int=\count296
\l_fp_input_a_exponent_int=\count297
\l_fp_input_b_sign_int=\count298
\l_fp_input_b_integer_int=\count299
\l_fp_input_b_decimal_int=\count300
\l_fp_input_b_exponent_int=\count301
\l_fp_input_a_extended_int=\count302
\l_fp_input_b_extended_int=\count303
\l_fp_mul_a_i_int=\count304
\l_fp_mul_a_ii_int=\count305
\l_fp_mul_a_iii_int=\count306
\l_fp_mul_a_iv_int=\count307
\l_fp_mul_a_v_int=\count308
\l_fp_mul_a_vi_int=\count309
\l_fp_mul_b_i_int=\count310
\l_fp_mul_b_ii_int=\count311
\l_fp_mul_b_iii_int=\count312
\l_fp_mul_b_iv_int=\count313
\l_fp_mul_b_v_int=\count314
\l_fp_mul_b_vi_int=\count315
\l_fp_mul_output_int=\count316
\l_fp_output_sign_int=\count317
\l_fp_output_integer_int=\count318
\l_fp_output_decimal_int=\count319
\l_fp_output_exponent_int=\count320
\l_fp_output_extended_int=\count321
\l_fp_round_position_int=\count322
\l_fp_round_target_int=\count323
\l_fp_split_sign_int=\count324
\l_fp_internal_int=\count325
\l_fp_trig_octant_int=\count326
\l_fp_trig_sign_int=\count327
\l_fp_trig_decimal_int=\count328
\l_fp_trig_extended_int=\count329
\l_fp_internal_dim=\dimen261
\l_fp_internal_skip=\skip62
) (C:\CTEX\MiKTeX\tex\latex\l3kernel\l3box.sty
Package: l3box 2012/02/18 v3432 L3 Experimental boxes
\l_tmpb_box=\box54
\l_box_top_dim=\dimen262
\l_box_bottom_dim=\dimen263
\l_box_left_dim=\dimen264
\l_box_right_dim=\dimen265
\l_box_top_new_dim=\dimen266
\l_box_bottom_new_dim=\dimen267
\l_box_left_new_dim=\dimen268
\l_box_right_new_dim=\dimen269
\l_box_internal_box=\box55
) (C:\CTEX\MiKTeX\tex\latex\l3kernel\l3coffins.sty
Package: l3coffins 2012/02/26 v3460 L3 Experimental coffin code layer
\l_coffin_internal_box=\box56
\l_coffin_internal_dim=\dimen270
\l_coffin_offset_x_dim=\dimen271
\l_coffin_offset_y_dim=\dimen272
\l_coffin_x_dim=\dimen273
\l_coffin_y_dim=\dimen274
\l_coffin_x_prime_dim=\dimen275
\l_coffin_y_prime_dim=\dimen276
\l_coffin_Depth_dim=\dimen277
\l_coffin_Height_dim=\dimen278
\l_coffin_TotalHeight_dim=\dimen279
\l_coffin_Width_dim=\dimen280
\c_empty_coffin=\box57
\l_coffin_aligned_coffin=\box58
\l_coffin_aligned_internal_coffin=\box59
\l_coffin_bounding_shift_dim=\dimen281
\l_coffin_left_corner_dim=\dimen282
\l_coffin_right_corner_dim=\dimen283
\l_coffin_bottom_corner_dim=\dimen284
\l_coffin_top_corner_dim=\dimen285
\l_coffin_scaled_total_height_dim=\dimen286
\l_coffin_scaled_width_dim=\dimen287
\l_coffin_display_coffin=\box60
\l_coffin_display_coord_coffin=\box61
\l_coffin_display_pole_coffin=\box62
\l_coffin_display_offset_dim=\dimen288
\l_coffin_display_x_dim=\dimen289
\l_coffin_display_y_dim=\dimen290
) (C:\CTEX\MiKTeX\tex\latex\l3kernel\l3color.sty
Package: l3color 2011/09/07 v2776 L3 Experimental colour support
) (C:\CTEX\MiKTeX\tex\latex\l3kernel\l3luatex.sty
Package: l3luatex 2012/02/09 v3355 L3 Experimental LuaTeX-specific functions
\g_cctab_allocate_int=\count330
\g_cctab_stack_int=\count331
)) (C:\CTEX\MiKTeX\tex\latex\etoolbox\etoolbox.sty
Package: etoolbox 2011/01/03 v2.1 e-TeX tools for LaTeX
\etb@tempcnta=\count332
) ("C:\Users\qjx\AppData\Local\Programs\MiKTeX 2.9\tex\latex\tools\indentfirst.sty"
Package: indentfirst 1995/11/23 v1.03 Indent first paragraph (DPC)
) ("C:\Users\qjx\AppData\Local\Programs\MiKTeX 2.9\tex\latex\base\fix-cm.sty"
Package: fix-cm 2015/01/14 v1.1t fixes to LaTeX
 ("C:\Users\qjx\AppData\Local\Programs\MiKTeX 2.9\tex\latex\base\ts1enc.def"
File: ts1enc.def 2001/06/05 v3.0e (jk/car/fm) Standard LaTeX file
Now handling font encoding TS1 ...
... processing UTF-8 mapping file for font encoding TS1
 ("C:\Users\qjx\AppData\Local\Programs\MiKTeX 2.9\tex\latex\base\ts1enc.dfu"
File: ts1enc.dfu 2018/10/05 v1.2f UTF-8 support for inputenc
   defining Unicode char U+00A2 (decimal 162)
   defining Unicode char U+00A3 (decimal 163)
   defining Unicode char U+00A4 (decimal 164)
   defining Unicode char U+00A5 (decimal 165)
   defining Unicode char U+00A6 (decimal 166)
   defining Unicode char U+00A7 (decimal 167)
   defining Unicode char U+00A8 (decimal 168)
   defining Unicode char U+00A9 (decimal 169)
   defining Unicode char U+00AA (decimal 170)
   defining Unicode char U+00AC (decimal 172)
   defining Unicode char U+00AE (decimal 174)
   defining Unicode char U+00AF (decimal 175)
   defining Unicode char U+00B0 (decimal 176)
   defining Unicode char U+00B1 (decimal 177)
   defining Unicode char U+00B2 (decimal 178)
   defining Unicode char U+00B3 (decimal 179)
   defining Unicode char U+00B4 (decimal 180)
   defining Unicode char U+00B5 (decimal 181)
   defining Unicode char U+00B6 (decimal 182)
   defining Unicode char U+00B7 (decimal 183)
   defining Unicode char U+00B9 (decimal 185)
   defining Unicode char U+00BA (decimal 186)
   defining Unicode char U+00BC (decimal 188)
   defining Unicode char U+00BD (decimal 189)
   defining Unicode char U+00BE (decimal 190)
   defining Unicode char U+00D7 (decimal 215)
   defining Unicode char U+00F7 (decimal 247)
   defining Unicode char U+0192 (decimal 402)
   defining Unicode char U+02C7 (decimal 711)
   defining Unicode char U+02D8 (decimal 728)
   defining Unicode char U+02DD (decimal 733)
   defining Unicode char U+0E3F (decimal 3647)
   defining Unicode char U+2016 (decimal 8214)
   defining Unicode char U+2020 (decimal 8224)
   defining Unicode char U+2021 (decimal 8225)
   defining Unicode char U+2022 (decimal 8226)
   defining Unicode char U+2030 (decimal 8240)
   defining Unicode char U+2031 (decimal 8241)
   defining Unicode char U+203B (decimal 8251)
   defining Unicode char U+203D (decimal 8253)
   defining Unicode char U+2044 (decimal 8260)
   defining Unicode char U+204E (decimal 8270)
   defining Unicode char U+2052 (decimal 8274)
   defining Unicode char U+20A1 (decimal 8353)
   defining Unicode char U+20A4 (decimal 8356)
   defining Unicode char U+20A6 (decimal 8358)
   defining Unicode char U+20A9 (decimal 8361)
   defining Unicode char U+20AB (decimal 8363)
   defining Unicode char U+20AC (decimal 8364)
   defining Unicode char U+20B1 (decimal 8369)
   defining Unicode char U+2103 (decimal 8451)
   defining Unicode char U+2116 (decimal 8470)
   defining Unicode char U+2117 (decimal 8471)
   defining Unicode char U+211E (decimal 8478)
   defining Unicode char U+2120 (decimal 8480)
   defining Unicode char U+2122 (decimal 8482)
   defining Unicode char U+2126 (decimal 8486)
   defining Unicode char U+2127 (decimal 8487)
   defining Unicode char U+212E (decimal 8494)
   defining Unicode char U+2190 (decimal 8592)
   defining Unicode char U+2191 (decimal 8593)
   defining Unicode char U+2192 (decimal 8594)
   defining Unicode char U+2193 (decimal 8595)
   defining Unicode char U+2329 (decimal 9001)
   defining Unicode char U+232A (decimal 9002)
   defining Unicode char U+2422 (decimal 9250)
   defining Unicode char U+25E6 (decimal 9702)
   defining Unicode char U+25EF (decimal 9711)
   defining Unicode char U+266A (decimal 9834)
   defining Unicode char U+FEFF (decimal 65279)
))) (C:\CTEX\MiKTeX\tex\latex\ctex\engine\ctex-cjk-engine.def (C:\CTEX\MiKTeX\tex\latex\cjk\CJKutf8.sty
Package: CJKutf8 2008/12/29 4.8.2
 ("C:\Users\qjx\AppData\Local\Programs\MiKTeX 2.9\tex\latex\base\inputenc.sty"
Package: inputenc 2018/08/11 v1.3c Input encoding file
\inpenc@prehook=\toks40
\inpenc@posthook=\toks41
) (C:\CTEX\MiKTeX\tex\latex\cjk\CJK.sty
Package: CJK 2008/12/29 4.8.2
 (C:\CTEX\MiKTeX\tex\latex\cjk\mule\MULEenc.sty
Package: MULEenc 2008/12/29 4.8.2
) (C:\CTEX\MiKTeX\tex\latex\cjk\CJK.enc
File: CJK.enc 2008/12/29 4.8.2
Now handling font encoding C00 ...
... no UTF-8 mapping file for font encoding C00
Now handling font encoding C05 ...
... no UTF-8 mapping file for font encoding C05
Now handling font encoding C09 ...
... no UTF-8 mapping file for font encoding C09
Now handling font encoding C10 ...
... no UTF-8 mapping file for font encoding C10
Now handling font encoding C20 ...
... no UTF-8 mapping file for font encoding C20
Now handling font encoding C19 ...
... no UTF-8 mapping file for font encoding C19
Now handling font encoding C40 ...
... no UTF-8 mapping file for font encoding C40
Now handling font encoding C42 ...
... no UTF-8 mapping file for font encoding C42
Now handling font encoding C43 ...
... no UTF-8 mapping file for font encoding C43
Now handling font encoding C50 ...
... no UTF-8 mapping file for font encoding C50
Now handling font encoding C52 ...
... no UTF-8 mapping file for font encoding C52
Now handling font encoding C49 ...
... no UTF-8 mapping file for font encoding C49
Now handling font encoding C60 ...
... no UTF-8 mapping file for font encoding C60
Now handling font encoding C61 ...
... no UTF-8 mapping file for font encoding C61
Now handling font encoding C63 ...
... no UTF-8 mapping file for font encoding C63
Now handling font encoding C64 ...
... no UTF-8 mapping file for font encoding C64
Now handling font encoding C65 ...
... no UTF-8 mapping file for font encoding C65
Now handling font encoding C70 ...
... no UTF-8 mapping file for font encoding C70
Now handling font encoding C31 ...
... no UTF-8 mapping file for font encoding C31
Now handling font encoding C32 ...
... no UTF-8 mapping file for font encoding C32
Now handling font encoding C33 ...
... no UTF-8 mapping file for font encoding C33
Now handling font encoding C34 ...
... no UTF-8 mapping file for font encoding C34
Now handling font encoding C35 ...
... no UTF-8 mapping file for font encoding C35
Now handling font encoding C36 ...
... no UTF-8 mapping file for font encoding C36
Now handling font encoding C37 ...
... no UTF-8 mapping file for font encoding C37
Now handling font encoding C80 ...
... no UTF-8 mapping file for font encoding C80
Now handling font encoding C81 ...
... no UTF-8 mapping file for font encoding C81
Now handling font encoding C01 ...
... no UTF-8 mapping file for font encoding C01
Now handling font encoding C11 ...
... no UTF-8 mapping file for font encoding C11
Now handling font encoding C21 ...
... no UTF-8 mapping file for font encoding C21
Now handling font encoding C41 ...
... no UTF-8 mapping file for font encoding C41
Now handling font encoding C62 ...
... no UTF-8 mapping file for font encoding C62
)
LaTeX Info: Redefining \selectfont on input line 756.
\CJK@indent=\box63
) ("C:\Users\qjx\AppData\Local\Programs\MiKTeX 2.9\tex\latex\base\fontenc.sty"
Package: fontenc 2018/08/11 v2.0j Standard LaTeX package
)) (C:\CTEX\CTeX\tex\latex\CJKpunct\CJKpunct.sty
Package: CJKpunct 2010/02/21 4.8.2-2
\CJKpunct@cnta=\count333
\CJKpunct@cntb=\count334
\CJKpunct@cntc=\count335
\CJKpunct@cntd=\count336
\CJKpunct@cnte=\count337
   defining Unicode char U+2018 (decimal 8216)
   defining Unicode char U+2019 (decimal 8217)
   defining Unicode char U+201C (decimal 8220)
   defining Unicode char U+201D (decimal 8221)
   defining Unicode char U+2014 (decimal 8212)
   defining Unicode char U+2026 (decimal 8230)
 (C:\CTEX\CTeX\tex\latex\CJKpunct\CJKpunct.spa)) (C:\CTEX\MiKTeX\tex\latex\ctex\engine\ctex-cjk-common.def
\ccwd=\dimen291
) (C:\CTEX\MiKTeX\tex\latex\ctex\fontset\ctex-cjk-winfonts.def (C:\CTEX\MiKTeX\tex\generic\zhmetrics\zhwinfonts.tex ("C:\Users\qjx\AppData\Local\Programs\MiKTeX 2.9\tex\generic\oberdiek\ifpdf.sty"

LaTeX Warning: You have requested package `ctex',
               but the package provides `ifpdf'.

Package: ifpdf 2018/09/07 v3.3 Provides the ifpdf switch
){C:/CTEX/UserData/pdftex/config/pdftex.map{Unicode.sfd}{UGBK.sfd}})))
\CTEX@q=\count338
\CTEX@r=\count339
)) (C:\CTEX\MiKTeX\tex\latex\ctex\def\ctex-utf8.def)

Package hyperref Warning: Option `pdftex' has already been used,
(hyperref)                setting the option has no effect on input line 3.

Package hyperref Info: Option `unicode' set `true' on input line 3.
("C:\Users\qjx\AppData\Local\Programs\MiKTeX 2.9\tex\latex\hyperref\puenc.def"
File: puenc.def 2018/11/30 v6.88e Hyperref: PDF Unicode definition (HO)
Now handling font encoding PU ...
... no UTF-8 mapping file for font encoding PU
)
Package hyperref Info: Option `colorlinks' set `true' on input line 3.
 (C:\CTEX\MiKTeX\tex\latex\ctex\cfg\ctex.cfg) (C:\CTEX\MiKTeX\tex\latex\subfigure\subfigure.sty
Package: subfigure 2002/07/30 v2.1.4 subfigure package
\subfigtopskip=\skip63
\subfigcapskip=\skip64
\subfigcaptopadj=\dimen292
\subfigbottomskip=\skip65
\subfigcapmargin=\dimen293
\subfiglabelskip=\skip66
\c@subfigure=\count340
\c@lofdepth=\count341
\c@subtable=\count342
\c@lotdepth=\count343

****************************************
* Local config file subfigure.cfg used *
****************************************
(C:\CTEX\MiKTeX\tex\latex\subfigure\subfigure.cfg)
\subfig@top=\skip67
\subfig@bottom=\skip68
) (C:\CTEX\MiKTeX\tex\latex\caption\caption.sty
Package: caption 2011/11/10 v3.2e Customizing captions (AR)
 (C:\CTEX\MiKTeX\tex\latex\caption\caption3.sty
Package: caption3 2011/11/01 v1.4a caption3 kernel (AR)
\captionmargin=\dimen294
\captionmargin@=\dimen295
\captionwidth=\dimen296
\caption@indent=\dimen297
\caption@parindent=\dimen298
\caption@hangindent=\dimen299
)
\c@ContinuedFloat=\count344
Package caption Info: beamer document class.
Package caption Info: hyperref package is loaded.
Package caption Info: Hyperref support is turned off
(caption)             because hyperref has stopped early.
Package caption Info: subfigure package is loaded.
) (C:\CTEX\MiKTeX\tex\latex\cite\cite.sty
LaTeX Info: Redefining \cite on input line 302.
LaTeX Info: Redefining \nocite on input line 373.
Package: cite 2010/09/10  v 5.3
) (C:\CTEX\MiKTeX\tex\latex\natbib\natbib.sty
Package: natbib 2010/09/13 8.31b (PWD, AO)


Package natbib Warning: The `cite' package should not be used
(natbib)                with natbib. Use option `sort' instead.

\bibhang=\skip69
\bibsep=\skip70
LaTeX Info: Redefining \cite on input line 694.
LaTeX Info: Redefining \citenum on input line 708.
\c@NAT@ctr=\count345
) (C:\CTEX\MiKTeX\tex\latex\beamer\base\themes\theme\beamerthemeFrankfurt.sty
Package: beamerthemeFrankfurt 2010/06/17  (rcs-revision d02a7cf4d8ae)
 (C:\CTEX\MiKTeX\tex\latex\beamer\base\themes\outer\beamerouterthemesmoothbars.sty
Package: beamerouterthemesmoothbars 2010/06/17  (rcs-revision d02a7cf4d8ae)
) (C:\CTEX\MiKTeX\tex\latex\beamer\base\themes\inner\beamerinnerthemerounded.sty
Package: beamerinnerthemerounded 2010/06/17  (rcs-revision d02a7cf4d8ae)
) (C:\CTEX\MiKTeX\tex\latex\beamer\base\themes\color\beamercolorthemeorchid.sty
Package: beamercolorthemeorchid 2010/06/17  (rcs-revision d02a7cf4d8ae)
) (C:\CTEX\MiKTeX\tex\latex\beamer\base\themes\color\beamercolorthemewhale.sty
Package: beamercolorthemewhale 2010/06/17  (rcs-revision d02a7cf4d8ae)
)) (e:\论文\毕业相关论文\开题报告\ppt\开题报告PPT.aux)
LaTeX Font Info:    Checking defaults for OML/cmm/m/it on input line 18.
LaTeX Font Info:    ... okay on input line 18.
LaTeX Font Info:    Checking defaults for T1/cmr/m/n on input line 18.
LaTeX Font Info:    ... okay on input line 18.
LaTeX Font Info:    Checking defaults for OT1/cmr/m/n on input line 18.
LaTeX Font Info:    ... okay on input line 18.
LaTeX Font Info:    Checking defaults for OMS/cmsy/m/n on input line 18.
LaTeX Font Info:    ... okay on input line 18.
LaTeX Font Info:    Checking defaults for OMX/cmex/m/n on input line 18.
LaTeX Font Info:    ... okay on input line 18.
LaTeX Font Info:    Checking defaults for U/cmr/m/n on input line 18.
LaTeX Font Info:    ... okay on input line 18.
LaTeX Font Info:    Checking defaults for PD1/pdf/m/n on input line 18.
LaTeX Font Info:    ... okay on input line 18.
LaTeX Font Info:    Checking defaults for TS1/cmr/m/n on input line 18.
LaTeX Font Info:    ... okay on input line 18.
LaTeX Font Info:    Checking defaults for C00/song/m/n on input line 18.
LaTeX Font Info:    ... okay on input line 18.
LaTeX Font Info:    Checking defaults for C05/song/m/n on input line 18.
LaTeX Font Info:    ... okay on input line 18.
LaTeX Font Info:    Checking defaults for C09/song/m/n on input line 18.
LaTeX Font Info:    ... okay on input line 18.
LaTeX Font Info:    Checking defaults for C10/song/m/n on input line 18.
LaTeX Font Info:    ... okay on input line 18.
LaTeX Font Info:    Checking defaults for C20/song/m/n on input line 18.
LaTeX Font Info:    ... okay on input line 18.
LaTeX Font Info:    Checking defaults for C19/song/m/n on input line 18.
LaTeX Font Info:    ... okay on input line 18.
LaTeX Font Info:    Checking defaults for C40/song/m/n on input line 18.
LaTeX Font Info:    ... okay on input line 18.
LaTeX Font Info:    Checking defaults for C42/song/m/n on input line 18.
LaTeX Font Info:    ... okay on input line 18.
LaTeX Font Info:    Checking defaults for C43/song/m/n on input line 18.
LaTeX Font Info:    ... okay on input line 18.
LaTeX Font Info:    Checking defaults for C50/song/m/n on input line 18.
LaTeX Font Info:    ... okay on input line 18.
LaTeX Font Info:    Checking defaults for C52/song/m/n on input line 18.
LaTeX Font Info:    ... okay on input line 18.
LaTeX Font Info:    Checking defaults for C49/song/m/n on input line 18.
LaTeX Font Info:    ... okay on input line 18.
LaTeX Font Info:    Checking defaults for C60/mj/m/n on input line 18.
LaTeX Font Info:    ... okay on input line 18.
LaTeX Font Info:    Checking defaults for C61/mj/m/n on input line 18.
LaTeX Font Info:    ... okay on input line 18.
LaTeX Font Info:    Checking defaults for C63/mj/m/n on input line 18.
LaTeX Font Info:    ... okay on input line 18.
LaTeX Font Info:    Checking defaults for C64/mj/m/n on input line 18.
LaTeX Font Info:    ... okay on input line 18.
LaTeX Font Info:    Checking defaults for C65/mj/m/n on input line 18.
LaTeX Font Info:    ... okay on input line 18.
LaTeX Font Info:    Checking defaults for C70/song/m/n on input line 18.
LaTeX Font Info:    ... okay on input line 18.
LaTeX Font Info:    Checking defaults for C31/song/m/n on input line 18.
LaTeX Font Info:    ... okay on input line 18.
LaTeX Font Info:    Checking defaults for C32/song/m/n on input line 18.
LaTeX Font Info:    ... okay on input line 18.
LaTeX Font Info:    Checking defaults for C33/song/m/n on input line 18.
LaTeX Font Info:    ... okay on input line 18.
LaTeX Font Info:    Checking defaults for C34/song/m/n on input line 18.
LaTeX Font Info:    ... okay on input line 18.
LaTeX Font Info:    Checking defaults for C35/song/m/n on input line 18.
LaTeX Font Info:    ... okay on input line 18.
LaTeX Font Info:    Checking defaults for C36/song/m/n on input line 18.
LaTeX Font Info:    ... okay on input line 18.
LaTeX Font Info:    Checking defaults for C37/song/m/n on input line 18.
LaTeX Font Info:    ... okay on input line 18.
LaTeX Font Info:    Checking defaults for C80/song/m/n on input line 18.
LaTeX Font Info:    ... okay on input line 18.
LaTeX Font Info:    Checking defaults for C81/song/m/n on input line 18.
LaTeX Font Info:    ... okay on input line 18.
LaTeX Font Info:    Checking defaults for C01/song/m/n on input line 18.
LaTeX Font Info:    ... okay on input line 18.
LaTeX Font Info:    Checking defaults for C11/song/m/n on input line 18.
LaTeX Font Info:    ... okay on input line 18.
LaTeX Font Info:    Checking defaults for C21/song/m/n on input line 18.
LaTeX Font Info:    ... okay on input line 18.
LaTeX Font Info:    Checking defaults for C41/song/m/n on input line 18.
LaTeX Font Info:    ... okay on input line 18.
LaTeX Font Info:    Checking defaults for C62/song/m/n on input line 18.
LaTeX Font Info:    ... okay on input line 18.
LaTeX Font Info:    Checking defaults for PU/pdf/m/n on input line 18.
LaTeX Font Info:    ... okay on input line 18.

*geometry* driver: auto-detecting
*geometry* detected driver: pdftex
*geometry* verbose mode - [ preamble ] result:
* driver: pdftex
* paper: custom
* layout: <same size as paper>
* layoutoffset:(h,v)=(0.0pt,0.0pt)
* modes: includehead includefoot 
* h-part:(L,W,R)=(28.45274pt, 307.28987pt, 28.45274pt)
* v-part:(T,H,B)=(0.0pt, 273.14662pt, 0.0pt)
* \paperwidth=364.19536pt
* \paperheight=273.14662pt
* \textwidth=307.28987pt
* \textheight=244.6939pt
* \oddsidemargin=-43.81725pt
* \evensidemargin=-43.81725pt
* \topmargin=-72.26999pt
* \headheight=14.22636pt
* \headsep=0.0pt
* \topskip=11.0pt
* \footskip=14.22636pt
* \marginparwidth=4.0pt
* \marginparsep=10.0pt
* \columnsep=10.0pt
* \skip\footins=10.0pt plus 4.0pt minus 2.0pt
* \hoffset=0.0pt
* \voffset=0.0pt
* \mag=1000
* \@twocolumnfalse
* \@twosidefalse
* \@mparswitchfalse
* \@reversemarginfalse
* (1in=72.27pt=25.4mm, 1cm=28.453pt)

(C:\CTEX\MiKTeX\tex\context\base\supp-pdf.mkii
[Loading MPS to PDF converter (version 2006.09.02).]
\scratchcounter=\count346
\scratchdimen=\dimen300
\scratchbox=\box64
\nofMPsegments=\count347
\nofMParguments=\count348
\everyMPshowfont=\toks42
\MPscratchCnt=\count349
\MPscratchDim=\dimen301
\MPnumerator=\count350
\makeMPintoPDFobject=\count351
\everyMPtoPDFconversion=\toks43
) ("C:\Users\qjx\AppData\Local\Programs\MiKTeX 2.9\tex\latex\oberdiek\epstopdf-base.sty"
Package: epstopdf-base 2016/05/15 v2.6 Base part for package epstopdf
 ("C:\Users\qjx\AppData\Local\Programs\MiKTeX 2.9\tex\latex\oberdiek\grfext.sty"
Package: grfext 2016/05/16 v1.2 Manage graphics extensions (HO)
)
Package epstopdf-base Info: Redefining graphics rule for `.eps' on input line 438.
Package grfext Info: Graphics extension search list:
(grfext)             [.pdf,.png,.jpg,.mps,.jpeg,.jbig2,.jb2,.PDF,.PNG,.JPG,.JPEG,.JBIG2,.JB2,.eps]
(grfext)             \AppendGraphicsExtensions on input line 456.
) ABD: EveryShipout initializing macros
\AtBeginShipoutBox=\box65
Package hyperref Info: Link coloring ON on input line 18.
 ("C:\Users\qjx\AppData\Local\Programs\MiKTeX 2.9\tex\latex\hyperref\nameref.sty"
Package: nameref 2016/05/21 v2.44 Cross-referencing by name of section
 ("C:\Users\qjx\AppData\Local\Programs\MiKTeX 2.9\tex\generic\oberdiek\gettitlestring.sty"
Package: gettitlestring 2016/05/16 v1.5 Cleanup title references (HO)
)
\c@section@level=\count352
)
LaTeX Info: Redefining \ref on input line 18.
LaTeX Info: Redefining \pageref on input line 18.
LaTeX Info: Redefining \nameref on input line 18.
 (e:\论文\毕业相关论文\开题报告\ppt\开题报告PPT.out) (e:\论文\毕业相关论文\开题报告\ppt\开题报告PPT.out)
\@outlinefile=\write5
LaTeX Font Info:    Overwriting symbol font `operators' in version `normal'
(Font)                  OT1/cmr/m/n --> OT1/cmss/m/n on input line 18.
LaTeX Font Info:    Overwriting symbol font `operators' in version `bold'
(Font)                  OT1/cmr/bx/n --> OT1/cmss/bx/n on input line 18.
\symnumbers=\mathgroup6
\sympureletters=\mathgroup7
LaTeX Font Info:    Overwriting math alphabet `\mathrm' in version `normal'
(Font)                  OT1/cmss/m/n --> OT1/cmr/m/n on input line 18.
LaTeX Font Info:    Redeclaring math alphabet \mathbf on input line 18.
LaTeX Font Info:    Overwriting math alphabet `\mathbf' in version `normal'
(Font)                  OT1/cmr/bx/n --> OT1/cmss/bx/n on input line 18.
LaTeX Font Info:    Overwriting math alphabet `\mathbf' in version `bold'
(Font)                  OT1/cmr/bx/n --> OT1/cmss/bx/n on input line 18.
LaTeX Font Info:    Redeclaring math alphabet \mathsf on input line 18.
LaTeX Font Info:    Overwriting math alphabet `\mathsf' in version `normal'
(Font)                  OT1/cmss/m/n --> OT1/cmss/m/n on input line 18.
LaTeX Font Info:    Overwriting math alphabet `\mathsf' in version `bold'
(Font)                  OT1/cmss/bx/n --> OT1/cmss/m/n on input line 18.
LaTeX Font Info:    Redeclaring math alphabet \mathit on input line 18.
LaTeX Font Info:    Overwriting math alphabet `\mathit' in version `normal'
(Font)                  OT1/cmr/m/it --> OT1/cmss/m/it on input line 18.
LaTeX Font Info:    Overwriting math alphabet `\mathit' in version `bold'
(Font)                  OT1/cmr/bx/it --> OT1/cmss/m/it on input line 18.
LaTeX Font Info:    Redeclaring math alphabet \mathtt on input line 18.
LaTeX Font Info:    Overwriting math alphabet `\mathtt' in version `normal'
(Font)                  OT1/cmtt/m/n --> OT1/cmtt/m/n on input line 18.
LaTeX Font Info:    Overwriting math alphabet `\mathtt' in version `bold'
(Font)                  OT1/cmtt/m/n --> OT1/cmtt/m/n on input line 18.
LaTeX Font Info:    Overwriting symbol font `numbers' in version `bold'
(Font)                  OT1/cmss/m/n --> OT1/cmss/bx/n on input line 18.
LaTeX Font Info:    Overwriting symbol font `pureletters' in version `bold'
(Font)                  OT1/cmss/m/it --> OT1/cmss/bx/it on input line 18.
LaTeX Font Info:    Overwriting math alphabet `\mathrm' in version `bold'
(Font)                  OT1/cmss/bx/n --> OT1/cmr/bx/n on input line 18.
LaTeX Font Info:    Overwriting math alphabet `\mathbf' in version `bold'
(Font)                  OT1/cmss/bx/n --> OT1/cmss/bx/n on input line 18.
LaTeX Font Info:    Overwriting math alphabet `\mathsf' in version `bold'
(Font)                  OT1/cmss/m/n --> OT1/cmss/bx/n on input line 18.
LaTeX Font Info:    Overwriting math alphabet `\mathit' in version `bold'
(Font)                  OT1/cmss/m/it --> OT1/cmss/bx/it on input line 18.
LaTeX Font Info:    Overwriting math alphabet `\mathtt' in version `bold'
(Font)                  OT1/cmtt/m/n --> OT1/cmtt/bx/n on input line 18.
 (C:\CTEX\MiKTeX\tex\latex\beamer\base\translator\dicts\translator-basic-dictionary\translator-basic-dictionary-English.dict
Dictionary: translator-basic-dictionary, Language: English 
) (C:\CTEX\MiKTeX\tex\latex\beamer\base\translator\dicts\translator-bibliography-dictionary\translator-bibliography-dictionary-English.dict
Dictionary: translator-bibliography-dictionary, Language: English 
) (C:\CTEX\MiKTeX\tex\latex\beamer\base\translator\dicts\translator-environment-dictionary\translator-environment-dictionary-English.dict
Dictionary: translator-environment-dictionary, Language: English 
) (C:\CTEX\MiKTeX\tex\latex\beamer\base\translator\dicts\translator-months-dictionary\translator-months-dictionary-English.dict
Dictionary: translator-months-dictionary, Language: English 
) (C:\CTEX\MiKTeX\tex\latex\beamer\base\translator\dicts\translator-numbers-dictionary\translator-numbers-dictionary-English.dict
Dictionary: translator-numbers-dictionary, Language: English 
) (C:\CTEX\MiKTeX\tex\latex\beamer\base\translator\dicts\translator-theorem-dictionary\translator-theorem-dictionary-English.dict
Dictionary: translator-theorem-dictionary, Language: English 
)
LaTeX Info: Redefining \includegraphics on input line 18.
Package caption Info: Begin \AtBeginDocument code.
Package caption Info: End \AtBeginDocument code.
 (C:\CTEX\MiKTeX\tex\latex\cjk\UTF8\UTF8.bdg
File: UTF8.bdg 2008/12/29 4.8.2
) (C:\CTEX\MiKTeX\tex\latex\cjk\UTF8\UTF8.enc
File: UTF8.enc 2008/12/29 4.8.2
) (C:\CTEX\MiKTeX\tex\latex\cjk\UTF8\UTF8.chr
File: UTF8.chr 2008/12/29 4.8.2
) (e:\论文\毕业相关论文\开题报告\ppt\开题报告PPT.nav)
Overfull \hbox (12.0pt too wide) in paragraph at lines 18--18
[][]  
 []

LaTeX Font Info:    Try loading font information for C70+rm on input line 18.
(C:\CTEX\MiKTeX\tex\latex\ctex\fd\c70rm.fd
File: c70rm.fd 2007/05/06 v0.8a ctexutf8 font definition file
)
Overfull \hbox (48.02875pt too wide) detected at line 18
  [] [] [] [] [] [] []  
 []


Overfull \hbox (12.0pt too wide) in paragraph at lines 18--18
[][]  
 []

Package CJKpunct Info: punctuation spaces for family 'zhsong' do not exist. Use family 'def' instead. on input line 34.

Overfull \hbox (48.02875pt too wide) has occurred while \output is active
  [] [] [] [] [] [] []  
 []

[1

] (e:\论文\毕业相关论文\开题报告\ppt\开题报告PPT.toc)
Overfull \hbox (12.0pt too wide) in paragraph at lines 38--38
[][]  
 []


Overfull \hbox (12.0pt too wide) in paragraph at lines 38--38
[][]  
 []


Overfull \hbox (48.02875pt too wide) has occurred while \output is active
  [] [] [] [] [] [] []  
 []

[2

] (e:\论文\毕业相关论文\开题报告\ppt\开题报告PPT.toc)
Overfull \hbox (12.0pt too wide) in paragraph at lines 40--40
[][]  
 []


Overfull \hbox (12.0pt too wide) in paragraph at lines 40--40
[][]  
 []


Overfull \hbox (48.02875pt too wide) has occurred while \output is active
  [] [] [] [] [] [] []  
 []

[3

]
LaTeX Font Info:    Try loading font information for U+msa on input line 44.
 ("C:\Users\qjx\AppData\Local\Programs\MiKTeX 2.9\tex\latex\amsfonts\umsa.fd"
File: umsa.fd 2013/01/14 v3.01 AMS symbols A
)
LaTeX Font Info:    Try loading font information for U+msb on input line 44.
 ("C:\Users\qjx\AppData\Local\Programs\MiKTeX 2.9\tex\latex\amsfonts\umsb.fd"
File: umsb.fd 2013/01/14 v3.01 AMS symbols B
)

LaTeX Font Warning: Font shape `OT1/cmss/m/it' in size <10.95> not available
(Font)              Font shape `OT1/cmss/m/sl' tried instead on input line 44.


LaTeX Font Warning: Font shape `OT1/cmss/m/it' in size <8> not available
(Font)              Font shape `OT1/cmss/m/sl' tried instead on input line 44.


LaTeX Font Warning: Font shape `OT1/cmss/m/it' in size <6> not available
(Font)              Font shape `OT1/cmss/m/sl' tried instead on input line 44.


LaTeX Font Warning: Font shape `OT1/cmss/m/it' in size <5> not available
(Font)              Font shape `OT1/cmss/m/sl' tried instead on input line 44.


Overfull \hbox (12.0pt too wide) in paragraph at lines 44--44
[][]  
 []


Overfull \hbox (12.0pt too wide) in paragraph at lines 44--44
[][]  
 []


Overfull \hbox (48.02875pt too wide) has occurred while \output is active
  [] [] [] [] [] [] []  
 []

[4

]
Overfull \hbox (12.0pt too wide) in paragraph at lines 44--44
[][]  
 []


Overfull \hbox (12.0pt too wide) in paragraph at lines 44--44
[][]  
 []


Overfull \hbox (48.02875pt too wide) has occurred while \output is active
  [] [] [] [] [] [] []  
 []

[5

]
<trend.png, id=329, 654.94687pt x 446.41782pt>
File: trend.png Graphic file (type png)
<use trend.png>
Package pdftex.def Info: trend.png  used on input line 74.
(pdftex.def)             Requested size: 130.98705pt x 89.28197pt.
<top20.png, id=331, 856.70062pt x 551.81157pt>
File: top20.png Graphic file (type png)
<use top20.png>
Package pdftex.def Info: top20.png  used on input line 74.
(pdftex.def)             Requested size: 171.33708pt x 110.36035pt.

Overfull \hbox (17.69215pt too wide) in paragraph at lines 74--74
 [][] 
 []


Overfull \hbox (12.0pt too wide) in paragraph at lines 74--74
[][]  
 []


Overfull \hbox (12.0pt too wide) in paragraph at lines 74--74
[][]  
 []


Overfull \hbox (48.02875pt too wide) has occurred while \output is active
  [] [] [] [] [] [] []  
 []

[6

 <e:/论文/毕业相关论文/开题报告/ppt/trend.png> <e:/论文/毕业相关论文/开题报告/ppt/top20.png>]
File: trend.png Graphic file (type png)
<use trend.png>
Package pdftex.def Info: trend.png  used on input line 74.
(pdftex.def)             Requested size: 130.98705pt x 89.28197pt.
File: top20.png Graphic file (type png)
<use top20.png>
Package pdftex.def Info: top20.png  used on input line 74.
(pdftex.def)             Requested size: 171.33708pt x 110.36035pt.

Overfull \hbox (17.69215pt too wide) in paragraph at lines 74--74
 [][] 
 []


Overfull \hbox (12.0pt too wide) in paragraph at lines 74--74
[][]  
 []


Overfull \hbox (12.0pt too wide) in paragraph at lines 74--74
[][]  
 []


Overfull \hbox (48.02875pt too wide) has occurred while \output is active
  [] [] [] [] [] [] []  
 []

[7

]
Overfull \hbox (12.0pt too wide) in paragraph at lines 84--84
[][]  
 []


Overfull \hbox (12.0pt too wide) in paragraph at lines 84--84
[][]  
 []


Overfull \hbox (48.02875pt too wide) has occurred while \output is active
  [] [] [] [] [] [] []  
 []

[8

]
Overfull \hbox (12.0pt too wide) in paragraph at lines 84--84
[][]  
 []


Overfull \hbox (12.0pt too wide) in paragraph at lines 84--84
[][]  
 []


Overfull \hbox (48.02875pt too wide) has occurred while \output is active
  [] [] [] [] [] [] []  
 []

[9

]
Overfull \hbox (12.0pt too wide) in paragraph at lines 91--91
[][]  
 []


Overfull \hbox (12.0pt too wide) in paragraph at lines 91--91
[][]  
 []


Overfull \hbox (48.02875pt too wide) has occurred while \output is active
  [] [] [] [] [] [] []  
 []

[10

]
Overfull \hbox (12.0pt too wide) in paragraph at lines 91--91
[][]  
 []


Overfull \hbox (12.0pt too wide) in paragraph at lines 91--91
[][]  
 []


Overfull \hbox (48.02875pt too wide) has occurred while \output is active
  [] [] [] [] [] [] []  
 []

[11

]
Overfull \hbox (12.0pt too wide) in paragraph at lines 96--96
[][]  
 []


Overfull \hbox (12.0pt too wide) in paragraph at lines 96--96
[][]  
 []


Overfull \hbox (48.02875pt too wide) has occurred while \output is active
  [] [] [] [] [] [] []  
 []

[12

]
Overfull \hbox (12.0pt too wide) in paragraph at lines 96--96
[][]  
 []


Overfull \hbox (12.0pt too wide) in paragraph at lines 96--96
[][]  
 []


Overfull \hbox (48.02875pt too wide) has occurred while \output is active
  [] [] [] [] [] [] []  
 []

[13

]
Overfull \hbox (12.0pt too wide) in paragraph at lines 102--102
[][]  
 []


Overfull \hbox (12.0pt too wide) in paragraph at lines 102--102
[][]  
 []


Overfull \hbox (48.02875pt too wide) has occurred while \output is active
  [] [] [] [] [] [] []  
 []

[14

]
Overfull \hbox (12.0pt too wide) in paragraph at lines 102--102
[][]  
 []


Overfull \hbox (12.0pt too wide) in paragraph at lines 102--102
[][]  
 []


Overfull \hbox (48.02875pt too wide) has occurred while \output is active
  [] [] [] [] [] [] []  
 []

[15

] (e:\论文\毕业相关论文\开题报告\ppt\开题报告PPT.toc)
Overfull \hbox (12.0pt too wide) in paragraph at lines 106--106
[][]  
 []


Overfull \hbox (12.0pt too wide) in paragraph at lines 106--106
[][]  
 []


Overfull \hbox (48.02875pt too wide) has occurred while \output is active
  [] [] [] [] [] [] []  
 []

[16

]
Overfull \hbox (12.0pt too wide) in paragraph at lines 116--116
[][]  
 []


Overfull \hbox (12.0pt too wide) in paragraph at lines 116--116
[][]  
 []


Overfull \hbox (48.02875pt too wide) has occurred while \output is active
  [] [] [] [] [] [] []  
 []

[17

]
Overfull \hbox (12.0pt too wide) in paragraph at lines 116--116
[][]  
 []


Overfull \hbox (12.0pt too wide) in paragraph at lines 116--116
[][]  
 []


Overfull \hbox (48.02875pt too wide) has occurred while \output is active
  [] [] [] [] [] [] []  
 []

[18

]
Overfull \hbox (12.0pt too wide) in paragraph at lines 126--126
[][]  
 []


Overfull \hbox (12.0pt too wide) in paragraph at lines 126--126
[][]  
 []


Overfull \hbox (48.02875pt too wide) has occurred while \output is active
  [] [] [] [] [] [] []  
 []

[19

]
Overfull \hbox (12.0pt too wide) in paragraph at lines 126--126
[][]  
 []


Overfull \hbox (12.0pt too wide) in paragraph at lines 126--126
[][]  
 []


Overfull \hbox (48.02875pt too wide) has occurred while \output is active
  [] [] [] [] [] [] []  
 []

[20

]
Overfull \hbox (12.0pt too wide) in paragraph at lines 143--143
[][]  
 []


Overfull \hbox (12.0pt too wide) in paragraph at lines 143--143
[][]  
 []


Overfull \hbox (48.02875pt too wide) has occurred while \output is active
  [] [] [] [] [] [] []  
 []

[21

]
Overfull \hbox (12.0pt too wide) in paragraph at lines 143--143
[][]  
 []


Overfull \hbox (12.0pt too wide) in paragraph at lines 143--143
[][]  
 []


Overfull \hbox (48.02875pt too wide) has occurred while \output is active
  [] [] [] [] [] [] []  
 []

[22

]
Overfull \hbox (12.0pt too wide) in paragraph at lines 158--158
[][]  
 []


Overfull \hbox (12.0pt too wide) in paragraph at lines 158--158
[][]  
 []


Overfull \hbox (48.02875pt too wide) has occurred while \output is active
  [] [] [] [] [] [] []  
 []

[23

]
Overfull \hbox (12.0pt too wide) in paragraph at lines 158--158
[][]  
 []


Overfull \hbox (12.0pt too wide) in paragraph at lines 158--158
[][]  
 []


Overfull \hbox (48.02875pt too wide) has occurred while \output is active
  [] [] [] [] [] [] []  
 []

[24

]
Overfull \hbox (12.0pt too wide) in paragraph at lines 174--174
[][]  
 []


Overfull \hbox (12.0pt too wide) in paragraph at lines 174--174
[][]  
 []


Overfull \hbox (48.02875pt too wide) has occurred while \output is active
  [] [] [] [] [] [] []  
 []

[25

]
Overfull \hbox (12.0pt too wide) in paragraph at lines 174--174
[][]  
 []


Overfull \hbox (12.0pt too wide) in paragraph at lines 174--174
[][]  
 []


Overfull \hbox (48.02875pt too wide) has occurred while \output is active
  [] [] [] [] [] [] []  
 []

[26

] (e:\论文\毕业相关论文\开题报告\ppt\开题报告PPT.toc)
Overfull \hbox (12.0pt too wide) in paragraph at lines 178--178
[][]  
 []


Overfull \hbox (12.0pt too wide) in paragraph at lines 178--178
[][]  
 []


Overfull \hbox (48.02875pt too wide) has occurred while \output is active
  [] [] [] [] [] [] []  
 []

[27

]
Overfull \hbox (12.0pt too wide) in paragraph at lines 181--181
[][]  
 []


Overfull \hbox (12.0pt too wide) in paragraph at lines 181--181
[][]  
 []


Overfull \hbox (48.02875pt too wide) has occurred while \output is active
  [] [] [] [] [] [] []  
 []

[28

]
Overfull \hbox (12.0pt too wide) in paragraph at lines 181--181
[][]  
 []


Overfull \hbox (12.0pt too wide) in paragraph at lines 181--181
[][]  
 []


Overfull \hbox (48.02875pt too wide) has occurred while \output is active
  [] [] [] [] [] [] []  
 []

[29

]
<zeros9.png, id=1116, 722.7pt x 722.7pt>
File: zeros9.png Graphic file (type png)
<use zeros9.png>
Package pdftex.def Info: zeros9.png  used on input line 189.
(pdftex.def)             Requested size: 180.67455pt x 180.67455pt.

Overfull \hbox (12.0pt too wide) in paragraph at lines 189--189
[][]  
 []


Overfull \hbox (12.0pt too wide) in paragraph at lines 189--189
[][]  
 []


Overfull \hbox (48.02875pt too wide) has occurred while \output is active
  [] [] [] [] [] [] []  
 []

[30

 <e:/论文/毕业相关论文/开题报告/ppt/zeros9.png>]
File: zeros9.png Graphic file (type png)
<use zeros9.png>
Package pdftex.def Info: zeros9.png  used on input line 189.
(pdftex.def)             Requested size: 180.67455pt x 180.67455pt.

Overfull \hbox (12.0pt too wide) in paragraph at lines 189--189
[][]  
 []


Overfull \hbox (12.0pt too wide) in paragraph at lines 189--189
[][]  
 []


Overfull \hbox (48.02875pt too wide) has occurred while \output is active
  [] [] [] [] [] [] []  
 []

[31

]
<liTrue.png, id=1181, 1389.69188pt x 563.85657pt>
File: liTrue.png Graphic file (type png)
<use liTrue.png>
Package pdftex.def Info: liTrue.png  used on input line 196.
(pdftex.def)             Requested size: 277.93346pt x 112.76932pt.

Overfull \hbox (12.0pt too wide) in paragraph at lines 196--196
[][]  
 []


Overfull \hbox (12.0pt too wide) in paragraph at lines 196--196
[][]  
 []


Overfull \hbox (48.02875pt too wide) has occurred while \output is active
  [] [] [] [] [] [] []  
 []

[32

 <e:/论文/毕业相关论文/开题报告/ppt/liTrue.png>]
File: liTrue.png Graphic file (type png)
<use liTrue.png>
Package pdftex.def Info: liTrue.png  used on input line 196.
(pdftex.def)             Requested size: 277.93346pt x 112.76932pt.

Overfull \hbox (12.0pt too wide) in paragraph at lines 196--196
[][]  
 []


Overfull \hbox (12.0pt too wide) in paragraph at lines 196--196
[][]  
 []


Overfull \hbox (48.02875pt too wide) has occurred while \output is active
  [] [] [] [] [] [] []  
 []

[33

]
<liSMOTE1.png, id=1244, 705.38531pt x 692.5875pt>
File: liSMOTE1.png Graphic file (type png)
<use liSMOTE1.png>
Package pdftex.def Info: liSMOTE1.png  used on input line 204.
(pdftex.def)             Requested size: 176.34589pt x 173.14644pt.

Overfull \hbox (12.0pt too wide) in paragraph at lines 204--204
[][]  
 []


Overfull \hbox (12.0pt too wide) in paragraph at lines 204--204
[][]  
 []


Overfull \hbox (48.02875pt too wide) has occurred while \output is active
  [] [] [] [] [] [] []  
 []

[34

 <e:/论文/毕业相关论文/开题报告/ppt/liSMOTE1.png>]
File: liSMOTE1.png Graphic file (type png)
<use liSMOTE1.png>
Package pdftex.def Info: liSMOTE1.png  used on input line 204.
(pdftex.def)             Requested size: 176.34589pt x 173.14644pt.

Overfull \hbox (12.0pt too wide) in paragraph at lines 204--204
[][]  
 []


Overfull \hbox (12.0pt too wide) in paragraph at lines 204--204
[][]  
 []


Overfull \hbox (48.02875pt too wide) has occurred while \output is active
  [] [] [] [] [] [] []  
 []

[35

]
<liSMOTE2.png, id=1307, 639.89063pt x 640.64343pt>
File: liSMOTE2.png Graphic file (type png)
<use liSMOTE2.png>
Package pdftex.def Info: liSMOTE2.png  used on input line 211.
(pdftex.def)             Requested size: 159.97226pt x 160.16046pt.

Overfull \hbox (12.0pt too wide) in paragraph at lines 211--211
[][]  
 []


Overfull \hbox (12.0pt too wide) in paragraph at lines 211--211
[][]  
 []


Overfull \hbox (48.02875pt too wide) has occurred while \output is active
  [] [] [] [] [] [] []  
 []

[36

 <e:/论文/毕业相关论文/开题报告/ppt/liSMOTE2.png>]
File: liSMOTE2.png Graphic file (type png)
<use liSMOTE2.png>
Package pdftex.def Info: liSMOTE2.png  used on input line 211.
(pdftex.def)             Requested size: 159.97226pt x 160.16046pt.

Overfull \hbox (12.0pt too wide) in paragraph at lines 211--211
[][]  
 []


Overfull \hbox (12.0pt too wide) in paragraph at lines 211--211
[][]  
 []


Overfull \hbox (48.02875pt too wide) has occurred while \output is active
  [] [] [] [] [] [] []  
 []

[37

]
Overfull \hbox (12.0pt too wide) in paragraph at lines 215--215
[][]  
 []


Overfull \hbox (12.0pt too wide) in paragraph at lines 215--215
[][]  
 []


Overfull \hbox (48.02875pt too wide) has occurred while \output is active
  [] [] [] [] [] [] []  
 []

[38

]
Overfull \hbox (12.0pt too wide) in paragraph at lines 215--215
[][]  
 []


Overfull \hbox (12.0pt too wide) in paragraph at lines 215--215
[][]  
 []


Overfull \hbox (48.02875pt too wide) has occurred while \output is active
  [] [] [] [] [] [] []  
 []

[39

]
Overfull \hbox (12.0pt too wide) in paragraph at lines 219--219
[][]  
 []


Overfull \hbox (12.0pt too wide) in paragraph at lines 219--219
[][]  
 []


Overfull \hbox (48.02875pt too wide) has occurred while \output is active
  [] [] [] [] [] [] []  
 []

[40

]
Overfull \hbox (12.0pt too wide) in paragraph at lines 219--219
[][]  
 []


Overfull \hbox (12.0pt too wide) in paragraph at lines 219--219
[][]  
 []


Overfull \hbox (48.02875pt too wide) has occurred while \output is active
  [] [] [] [] [] [] []  
 []

[41

]
Overfull \hbox (12.0pt too wide) in paragraph at lines 223--223
[][]  
 []


Overfull \hbox (12.0pt too wide) in paragraph at lines 223--223
[][]  
 []


Overfull \hbox (48.02875pt too wide) has occurred while \output is active
  [] [] [] [] [] [] []  
 []

[42

]
Overfull \hbox (12.0pt too wide) in paragraph at lines 223--223
[][]  
 []


Overfull \hbox (12.0pt too wide) in paragraph at lines 223--223
[][]  
 []


Overfull \hbox (48.02875pt too wide) has occurred while \output is active
  [] [] [] [] [] [] []  
 []

[43

]
Overfull \hbox (12.0pt too wide) in paragraph at lines 227--227
[][]  
 []


Overfull \hbox (12.0pt too wide) in paragraph at lines 227--227
[][]  
 []


Overfull \hbox (48.02875pt too wide) has occurred while \output is active
  [] [] [] [] [] [] []  
 []

[44

]
Overfull \hbox (12.0pt too wide) in paragraph at lines 227--227
[][]  
 []


Overfull \hbox (12.0pt too wide) in paragraph at lines 227--227
[][]  
 []


Overfull \hbox (48.02875pt too wide) has occurred while \output is active
  [] [] [] [] [] [] []  
 []

[45

]
Overfull \hbox (12.0pt too wide) in paragraph at lines 235--235
[][]  
 []


Overfull \hbox (12.0pt too wide) in paragraph at lines 235--235
[][]  
 []


Overfull \hbox (48.02875pt too wide) has occurred while \output is active
  [] [] [] [] [] [] []  
 []

[46

]
Overfull \hbox (12.0pt too wide) in paragraph at lines 235--235
[][]  
 []


Overfull \hbox (12.0pt too wide) in paragraph at lines 235--235
[][]  
 []


Overfull \hbox (48.02875pt too wide) has occurred while \output is active
  [] [] [] [] [] [] []  
 []

[47

] (e:\论文\毕业相关论文\开题报告\ppt\开题报告PPT.toc)
Overfull \hbox (12.0pt too wide) in paragraph at lines 239--239
[][]  
 []


Overfull \hbox (12.0pt too wide) in paragraph at lines 239--239
[][]  
 []


Overfull \hbox (48.02875pt too wide) has occurred while \output is active
  [] [] [] [] [] [] []  
 []

[48

]
Overfull \hbox (12.0pt too wide) in paragraph at lines 253--253
[][]  
 []


Overfull \hbox (12.0pt too wide) in paragraph at lines 253--253
[][]  
 []


Overfull \hbox (48.02875pt too wide) has occurred while \output is active
  [] [] [] [] [] [] []  
 []

[49

]
Overfull \hbox (12.0pt too wide) in paragraph at lines 253--253
[][]  
 []


Overfull \hbox (12.0pt too wide) in paragraph at lines 253--253
[][]  
 []


Overfull \hbox (48.02875pt too wide) has occurred while \output is active
  [] [] [] [] [] [] []  
 []

[50

] (e:\论文\毕业相关论文\开题报告\ppt\开题报告PPT.toc)
Overfull \hbox (12.0pt too wide) in paragraph at lines 255--255
[][]  
 []


Overfull \hbox (12.0pt too wide) in paragraph at lines 255--255
[][]  
 []


Overfull \hbox (48.02875pt too wide) has occurred while \output is active
  [] [] [] [] [] [] []  
 []

[51

]
Overfull \hbox (12.0pt too wide) in paragraph at lines 264--264
[][]  
 []


Overfull \hbox (12.0pt too wide) in paragraph at lines 264--264
[][]  
 []


Overfull \hbox (48.02875pt too wide) has occurred while \output is active
  [] [] [] [] [] [] []  
 []

[52

]
Overfull \hbox (12.0pt too wide) in paragraph at lines 274--274
[][]  
 []


Overfull \hbox (12.0pt too wide) in paragraph at lines 274--274
[][]  
 []


Overfull \hbox (48.02875pt too wide) has occurred while \output is active
  [] [] [] [] [] [] []  
 []

[53

]
Overfull \hbox (12.0pt too wide) in paragraph at lines 274--274
[][]  
 []


Overfull \hbox (12.0pt too wide) in paragraph at lines 274--274
[][]  
 []


Overfull \hbox (48.02875pt too wide) has occurred while \output is active
  [] [] [] [] [] [] []  
 []

[54

] (e:\论文\毕业相关论文\开题报告\ppt\开题报告PPT.bbl)
Overfull \hbox (12.0pt too wide) in paragraph at lines 280--280
[][]  
 []


Overfull \hbox (12.0pt too wide) in paragraph at lines 280--280
[][]  
 []


Overfull \hbox (48.02875pt too wide) has occurred while \output is active
  [] [] [] [] [] [] []  
 []

[55

]
Overfull \hbox (12.0pt too wide) in paragraph at lines 280--280
[][]  
 []


Overfull \hbox (12.0pt too wide) in paragraph at lines 280--280
[][]  
 []


Overfull \hbox (48.02875pt too wide) has occurred while \output is active
  [] [] [] [] [] [] []  
 []

[56


]
Overfull \hbox (12.0pt too wide) in paragraph at lines 280--280
[][]  
 []


Overfull \hbox (12.0pt too wide) in paragraph at lines 280--280
[][]  
 []


Overfull \hbox (48.02875pt too wide) has occurred while \output is active
  [] [] [] [] [] [] []  
 []

[57


]
Overfull \hbox (12.0pt too wide) in paragraph at lines 280--280
[][]  
 []


Overfull \hbox (12.0pt too wide) in paragraph at lines 280--280
[][]  
 []


Overfull \hbox (48.02875pt too wide) has occurred while \output is active
  [] [] [] [] [] [] []  
 []

[58


]
\tf@nav=\write6
\tf@toc=\write7
\tf@snm=\write8
Package atveryend Info: Empty hook `BeforeClearDocument' on input line 282.
Package atveryend Info: Empty hook `AfterLastShipout' on input line 282.
 (e:\论文\毕业相关论文\开题报告\ppt\开题报告PPT.aux)
Package atveryend Info: Executing hook `AtVeryEndDocument' on input line 282.
Package atveryend Info: Executing hook `AtEndAfterFileList' on input line 282.
Package rerunfilecheck Info: File `开题报告PPT.out' has not changed.
(rerunfilecheck)             Checksum: E47A8D759E9513004BFF3997771AB9E9;676.
Package atveryend Info: Empty hook `AtVeryVeryEnd' on input line 282.
 ) 
Here is how much of TeX's memory you used:
 28880 strings out of 494869
 495895 string characters out of 3177553
 538143 words of memory out of 3000000
 31542 multiletter control sequences out of 15000+200000
 63920 words of font info for 221 fonts, out of 3000000 for 9000
 14 hyphenation exceptions out of 8191
 49i,16n,64p,1036b,1850s stack positions out of 5000i,500n,10000p,200000b,50000s
<C:/WINDOWS/Fonts/simsun.ttc><C:/WINDOWS/Fonts/simsun.ttc><C:/WINDOWS/Fonts/simsun.ttc><C:/WINDOWS/Fonts/simsun.ttc><C:/WINDOWS/Fonts/simsun.ttc><C:/WINDOWS/Fonts/simsun.ttc><C:/WINDOWS/Fonts/simsun.ttc><C:/WINDOWS/Fonts/simsun.ttc><C:/WINDOWS/Fonts/simsun.ttc><C:/WINDOWS/Fonts/simsun.ttc><C:/WINDOWS/Fonts/simsun.ttc><C:/WINDOWS/Fonts/simsun.ttc><C:/WINDOWS/Fonts/simsun.ttc><C:/WINDOWS/Fonts/simsun.ttc><C:/WINDOWS/Fonts/simsun.ttc><C:/WINDOWS/Fonts/simsun.ttc><C:/WINDOWS/Fonts/simsun.ttc><C:/WINDOWS/Fonts/simsun.ttc><C:/WINDOWS/Fonts/simsun.ttc><C:/WINDOWS/Fonts/simsun.ttc><C:/WINDOWS/Fonts/simsun.ttc><C:/WINDOWS/Fonts/simsun.ttc><C:/WINDOWS/Fonts/simsun.ttc><C:/WINDOWS/Fonts/simsun.ttc><C:/WINDOWS/Fonts/simsun.ttc><C:/WINDOWS/Fonts/simsun.ttc><C:/WINDOWS/Fonts/simsun.ttc><C:/WINDOWS/Fonts/simsun.ttc><C:/WINDOWS/Fonts/simsun.ttc><C:/WINDOWS/Fonts/simsun.ttc><C:/WINDOWS/Fonts/simsun.ttc><C:/WINDOWS/Fonts/simsun.ttc><C:/WINDOWS/Fonts/simsun.ttc><C:/WINDOWS/Fonts/simsun.ttc><C:/WINDOWS/Fonts/simsun.ttc><C:/WINDOWS/Fonts/simsun.ttc><C:/WINDOWS/Fonts/simsun.ttc><C:/WINDOWS/Fonts/simsun.ttc><C:/WINDOWS/Fonts/simsun.ttc><C:/WINDOWS/Fonts/simsun.ttc><C:/WINDOWS/Fonts/simsun.ttc><C:/WINDOWS/Fonts/simsun.ttc><C:/WINDOWS/Fonts/simsun.ttc><C:/WINDOWS/Fonts/simsun.ttc><C:/WINDOWS/Fonts/simsun.ttc><C:/WINDOWS/Fonts/simsun.ttc><C:/WINDOWS/Fonts/simsun.ttc><C:/WINDOWS/Fonts/simsun.ttc><C:/WINDOWS/Fonts/simsun.ttc><C:/WINDOWS/Fonts/simsun.ttc><C:/WINDOWS/Fonts/simsun.ttc><C:/WINDOWS/Fonts/simsun.ttc><C:/WINDOWS/Fonts/simsun.ttc><C:/WINDOWS/Fonts/simsun.ttc><C:/WINDOWS/Fonts/simsun.ttc><C:/WINDOWS/Fonts/simsun.ttc><C:/WINDOWS/Fonts/simsun.ttc><C:/WINDOWS/Fonts/simsun.ttc><C:/WINDOWS/Fonts/simsun.ttc><C:/WINDOWS/Fonts/simsun.ttc><C:/WINDOWS/Fonts/simsun.ttc><C:/WINDOWS/Fonts/simsun.ttc><C:/WINDOWS/Fonts/simsun.ttc><C:/WINDOWS/Fonts/simsun.ttc><C:/WINDOWS/Fonts/simsun.ttc><C:/Users/qjx/AppData/Local/Programs/MiKTeX 2.9/fonts/type1/public/amsfonts/cm/cmss10.pfb><C:/Users/qjx/AppData/Local/Programs/MiKTeX 2.9/fonts/type1/public/amsfonts/cm/cmss12.pfb><C:/Users/qjx/AppData/Local/Programs/MiKTeX 2.9/fonts/type1/public/amsfonts/cm/cmss8.pfb>
Output written on 开题报告PPT.pdf (58 pages, 7616854 bytes).
PDF statistics:
 2276 PDF objects out of 2487 (max. 8388607)
 123 named destinations out of 1000 (max. 500000)
 429 words of extra memory for PDF output out of 10000 (max. 10000000)

